0 info it worked if it ends with ok
1 verbose cli [ '/usr/bin/nodejs', '/usr/bin/npm', 'install' ]
2 info using npm@4.1.2
3 info using node@v6.9.3
4 silly loadCurrentTree Starting
5 silly install loadCurrentTree
6 silly install readLocalPackageData
7 silly install normalizeTree
8 silly loadCurrentTree Finishing
9 silly loadIdealTree Starting
10 silly install loadIdealTree
11 silly cloneCurrentTree Starting
12 silly install cloneCurrentTreeToIdealTree
13 silly cloneCurrentTree Finishing
14 silly loadShrinkwrap Starting
15 silly install loadShrinkwrap
16 silly loadShrinkwrap Finishing
17 silly loadAllDepsIntoIdealTree Starting
18 silly install loadAllDepsIntoIdealTree
19 silly fetchNamedPackageData fsevents
20 silly mapToRegistry name fsevents
21 silly mapToRegistry using default registry
22 silly mapToRegistry registry https://registry.npmjs.org/
23 silly mapToRegistry data Result {
23 silly mapToRegistry   raw: 'fsevents',
23 silly mapToRegistry   scope: null,
23 silly mapToRegistry   escapedName: 'fsevents',
23 silly mapToRegistry   name: 'fsevents',
23 silly mapToRegistry   rawSpec: '',
23 silly mapToRegistry   spec: 'latest',
23 silly mapToRegistry   type: 'tag' }
24 silly mapToRegistry uri https://registry.npmjs.org/fsevents
25 verbose request uri https://registry.npmjs.org/fsevents
26 verbose request no auth needed
27 info attempt registry request try #1 at 12:26:13 AM
28 verbose request id 9fe32fb169304089
29 verbose etag W/"586d770e-c238"
30 verbose lastModified Wed, 04 Jan 2017 22:28:30 GMT
31 http request GET https://registry.npmjs.org/fsevents
32 http 304 https://registry.npmjs.org/fsevents
33 verbose headers { date: 'Thu, 19 Jan 2017 23:26:14 GMT',
33 verbose headers   via: '1.1 varnish',
33 verbose headers   'cache-control': 'max-age=300',
33 verbose headers   etag: 'W/"586d770e-c238"',
33 verbose headers   age: '255',
33 verbose headers   connection: 'keep-alive',
33 verbose headers   'x-served-by': 'cache-fra1245-FRA',
33 verbose headers   'x-cache': 'HIT',
33 verbose headers   'x-cache-hits': '4',
33 verbose headers   'x-timer': 'S1484868374.218749,VS0,VE0',
33 verbose headers   vary: 'Accept-Encoding' }
34 silly get cb [ 304,
34 silly get   { date: 'Thu, 19 Jan 2017 23:26:14 GMT',
34 silly get     via: '1.1 varnish',
34 silly get     'cache-control': 'max-age=300',
34 silly get     etag: 'W/"586d770e-c238"',
34 silly get     age: '255',
34 silly get     connection: 'keep-alive',
34 silly get     'x-served-by': 'cache-fra1245-FRA',
34 silly get     'x-cache': 'HIT',
34 silly get     'x-cache-hits': '4',
34 silly get     'x-timer': 'S1484868374.218749,VS0,VE0',
34 silly get     vary: 'Accept-Encoding' } ]
35 verbose etag https://registry.npmjs.org/fsevents from cache
36 verbose get saving fsevents to /home/qendrim/.npm/registry.npmjs.org/fsevents/.cache.json
37 verbose correctMkdir /home/qendrim/.npm correctMkdir not in flight; initializing
38 silly pickManifestFromRegistryMetadata spec >=1.0.0 <2.0.0 tag latest versions [ '0.1.1',
38 silly pickManifestFromRegistryMetadata   '0.1.3',
38 silly pickManifestFromRegistryMetadata   '0.1.4',
38 silly pickManifestFromRegistryMetadata   '0.1.5',
38 silly pickManifestFromRegistryMetadata   '0.1.6',
38 silly pickManifestFromRegistryMetadata   '0.2.0',
38 silly pickManifestFromRegistryMetadata   '0.3.0',
38 silly pickManifestFromRegistryMetadata   '0.3.1',
38 silly pickManifestFromRegistryMetadata   '0.3.2',
38 silly pickManifestFromRegistryMetadata   '0.3.3',
38 silly pickManifestFromRegistryMetadata   '0.3.4',
38 silly pickManifestFromRegistryMetadata   '0.3.5',
38 silly pickManifestFromRegistryMetadata   '0.3.6',
38 silly pickManifestFromRegistryMetadata   '0.3.7',
38 silly pickManifestFromRegistryMetadata   '0.3.8',
38 silly pickManifestFromRegistryMetadata   '1.0.0',
38 silly pickManifestFromRegistryMetadata   '1.0.1',
38 silly pickManifestFromRegistryMetadata   '1.0.2',
38 silly pickManifestFromRegistryMetadata   '1.0.3',
38 silly pickManifestFromRegistryMetadata   '1.0.4',
38 silly pickManifestFromRegistryMetadata   '1.0.5',
38 silly pickManifestFromRegistryMetadata   '1.0.6',
38 silly pickManifestFromRegistryMetadata   '1.0.7',
38 silly pickManifestFromRegistryMetadata   '1.0.8',
38 silly pickManifestFromRegistryMetadata   '1.0.9',
38 silly pickManifestFromRegistryMetadata   '1.0.10',
38 silly pickManifestFromRegistryMetadata   '1.0.11',
38 silly pickManifestFromRegistryMetadata   '1.0.12',
38 silly pickManifestFromRegistryMetadata   '1.0.14',
38 silly pickManifestFromRegistryMetadata   '1.0.15',
38 silly pickManifestFromRegistryMetadata   '1.0.17' ]
39 silly resolveWithNewModule fsevents@1.0.17 checking installable status
40 silly loadAllDepsIntoIdealTree Finishing
41 silly loadIdealTree Finishing
42 silly currentTree Busulla
42 silly currentTree ├── abbrev@1.0.9
42 silly currentTree ├── accepts@1.3.3
42 silly currentTree ├── acorn-jsx@3.0.1
42 silly currentTree ├── acorn-object-spread@1.0.0
42 silly currentTree ├── acorn@3.3.0
42 silly currentTree ├── after@0.8.1
42 silly currentTree ├── ajv-keywords@1.5.0
42 silly currentTree ├── ajv@4.10.4
42 silly currentTree ├── align-text@0.1.4
42 silly currentTree ├── alphanum-sort@1.0.2
42 silly currentTree ├── amdefine@1.0.1
42 silly currentTree ├── ansi-escapes@1.4.0
42 silly currentTree ├── ansi-regex@2.1.1
42 silly currentTree ├── ansi-styles@2.2.1
42 silly currentTree ├── anymatch@1.3.0
42 silly currentTree ├── aproba@1.0.4
42 silly currentTree ├── archive-type@3.2.0
42 silly currentTree ├── archy@1.0.0
42 silly currentTree ├── are-we-there-yet@1.1.2
42 silly currentTree ├── argparse@1.0.9
42 silly currentTree ├── arr-diff@2.0.0
42 silly currentTree ├── arr-flatten@1.0.1
42 silly currentTree ├── array-differ@1.0.0
42 silly currentTree ├── array-find-index@1.0.2
42 silly currentTree ├── array-union@1.0.2
42 silly currentTree ├── array-uniq@1.0.3
42 silly currentTree ├── array-unique@0.2.1
42 silly currentTree ├── arraybuffer.slice@0.0.6
42 silly currentTree ├── arrify@1.0.1
42 silly currentTree ├── asn1@0.2.3
42 silly currentTree ├── assert-plus@0.2.0
42 silly currentTree ├── async-each-series@0.1.1
42 silly currentTree ├── async-each@1.0.1
42 silly currentTree ├── async-foreach@0.1.3
42 silly currentTree ├── async@1.5.2
42 silly currentTree ├── asynckit@0.4.0
42 silly currentTree ├── atob@1.1.3
42 silly currentTree ├── autoprefixer@6.6.1
42 silly currentTree ├── aws-sign2@0.6.0
42 silly currentTree ├── aws4@1.5.0
42 silly currentTree ├── babel-code-frame@6.20.0
42 silly currentTree ├── babel-core@6.21.0
42 silly currentTree ├── babel-generator@6.21.0
42 silly currentTree ├── babel-helper-call-delegate@6.18.0
42 silly currentTree ├── babel-helper-define-map@6.18.0
42 silly currentTree ├── babel-helper-function-name@6.18.0
42 silly currentTree ├── babel-helper-get-function-arity@6.18.0
42 silly currentTree ├── babel-helper-hoist-variables@6.18.0
42 silly currentTree ├── babel-helper-optimise-call-expression@6.18.0
42 silly currentTree ├── babel-helper-regex@6.18.0
42 silly currentTree ├── babel-helper-replace-supers@6.18.0
42 silly currentTree ├── babel-helpers@6.16.0
42 silly currentTree ├── babel-messages@6.8.0
42 silly currentTree ├── babel-plugin-check-es2015-constants@6.8.0
42 silly currentTree ├── babel-plugin-transform-es2015-arrow-functions@6.8.0
42 silly currentTree ├── babel-plugin-transform-es2015-block-scoped-functions@6.8.0
42 silly currentTree ├── babel-plugin-transform-es2015-block-scoping@6.21.0
42 silly currentTree ├── babel-plugin-transform-es2015-classes@6.18.0
42 silly currentTree ├── babel-plugin-transform-es2015-computed-properties@6.8.0
42 silly currentTree ├── babel-plugin-transform-es2015-destructuring@6.19.0
42 silly currentTree ├── babel-plugin-transform-es2015-duplicate-keys@6.8.0
42 silly currentTree ├── babel-plugin-transform-es2015-for-of@6.18.0
42 silly currentTree ├── babel-plugin-transform-es2015-function-name@6.9.0
42 silly currentTree ├── babel-plugin-transform-es2015-literals@6.8.0
42 silly currentTree ├── babel-plugin-transform-es2015-modules-amd@6.18.0
42 silly currentTree ├── babel-plugin-transform-es2015-modules-commonjs@6.18.0
42 silly currentTree ├── babel-plugin-transform-es2015-modules-systemjs@6.19.0
42 silly currentTree ├── babel-plugin-transform-es2015-modules-umd@6.18.0
42 silly currentTree ├── babel-plugin-transform-es2015-object-super@6.8.0
42 silly currentTree ├── babel-plugin-transform-es2015-parameters@6.21.0
42 silly currentTree ├── babel-plugin-transform-es2015-shorthand-properties@6.18.0
42 silly currentTree ├── babel-plugin-transform-es2015-spread@6.8.0
42 silly currentTree ├── babel-plugin-transform-es2015-sticky-regex@6.8.0
42 silly currentTree ├── babel-plugin-transform-es2015-template-literals@6.8.0
42 silly currentTree ├── babel-plugin-transform-es2015-typeof-symbol@6.18.0
42 silly currentTree ├── babel-plugin-transform-es2015-unicode-regex@6.11.0
42 silly currentTree ├── babel-plugin-transform-regenerator@6.21.0
42 silly currentTree ├── babel-plugin-transform-strict-mode@6.18.0
42 silly currentTree ├── babel-preset-es2015@6.18.0
42 silly currentTree ├── babel-register@6.18.0
42 silly currentTree ├── babel-runtime@6.20.0
42 silly currentTree ├── babel-template@6.16.0
42 silly currentTree ├── babel-traverse@6.21.0
42 silly currentTree ├── babel-types@6.21.0
42 silly currentTree ├── babylon@6.15.0
42 silly currentTree ├── backo2@1.0.2
42 silly currentTree ├── balanced-match@0.4.2
42 silly currentTree ├── base64-arraybuffer@0.1.5
42 silly currentTree ├── base64id@0.1.0
42 silly currentTree ├── batch@0.5.3
42 silly currentTree ├── bcrypt-pbkdf@1.0.0
42 silly currentTree ├── beeper@1.1.1
42 silly currentTree ├── better-assert@1.0.2
42 silly currentTree ├── bin-build@2.2.0
42 silly currentTree ├── bin-check@2.0.0
42 silly currentTree ├─┬ bin-version-check@2.1.0
42 silly currentTree │ ├── minimist@1.2.0
42 silly currentTree │ └── semver@4.3.6
42 silly currentTree ├── bin-version@1.0.4
42 silly currentTree ├── bin-wrapper@3.0.2
42 silly currentTree ├── binary-extensions@1.8.0
42 silly currentTree ├── bl@1.2.0
42 silly currentTree ├── blob@0.0.4
42 silly currentTree ├── block-stream@0.0.9
42 silly currentTree ├── bluebird@3.4.7
42 silly currentTree ├── boom@2.10.1
42 silly currentTree ├── bower-config@1.4.0
42 silly currentTree ├── brace-expansion@1.1.6
42 silly currentTree ├── braces@1.8.5
42 silly currentTree ├── browser-sync-client@2.4.4
42 silly currentTree ├── browser-sync-ui@0.6.2
42 silly currentTree ├── browser-sync@2.18.6
42 silly currentTree ├── browserslist@1.5.2
42 silly currentTree ├── bs-recipes@1.3.4
42 silly currentTree ├─┬ buble@0.12.5
42 silly currentTree │ └── minimist@1.2.0
42 silly currentTree ├── bubleify@0.5.1
42 silly currentTree ├── buffer-crc32@0.2.13
42 silly currentTree ├── buffer-shims@1.0.0
42 silly currentTree ├─┬ buffer-to-vinyl@1.1.0
42 silly currentTree │ └── vinyl@1.2.0
42 silly currentTree ├── bufferstreams@1.1.1
42 silly currentTree ├── builtin-modules@1.1.1
42 silly currentTree ├── cache-swap@0.2.3
42 silly currentTree ├── caller-path@0.1.0
42 silly currentTree ├── callsite@1.0.0
42 silly currentTree ├── callsites@0.2.0
42 silly currentTree ├── camel-case@3.0.0
42 silly currentTree ├─┬ camelcase-keys@2.1.0
42 silly currentTree │ └── camelcase@2.1.1
42 silly currentTree ├── camelcase@1.2.1
42 silly currentTree ├── caniuse-api@1.5.2
42 silly currentTree ├── caniuse-db@1.0.30000613
42 silly currentTree ├── capture-stack-trace@1.0.0
42 silly currentTree ├── caseless@0.11.0
42 silly currentTree ├─┬ caw@1.2.0
42 silly currentTree │ └── object-assign@3.0.0
42 silly currentTree ├── center-align@0.1.3
42 silly currentTree ├── chalk@1.1.3
42 silly currentTree ├── chokidar@1.6.1
42 silly currentTree ├── circular-json@0.3.1
42 silly currentTree ├── clap@1.1.2
42 silly currentTree ├─┬ clean-css@3.4.23
42 silly currentTree │ ├── commander@2.8.1
42 silly currentTree │ └── source-map@0.4.4
42 silly currentTree ├── cli-cursor@1.0.2
42 silly currentTree ├── cli-width@2.1.0
42 silly currentTree ├── cliui@3.2.0
42 silly currentTree ├── clone-buffer@1.0.0
42 silly currentTree ├── clone-stats@0.0.1
42 silly currentTree ├── clone@1.0.2
42 silly currentTree ├── cloneable-readable@1.0.0
42 silly currentTree ├── co@4.6.0
42 silly currentTree ├── coa@1.0.1
42 silly currentTree ├── code-point-at@1.1.0
42 silly currentTree ├── color-convert@1.9.0
42 silly currentTree ├── color-name@1.1.1
42 silly currentTree ├── color-string@0.3.0
42 silly currentTree ├── color@0.11.4
42 silly currentTree ├── colormin@1.1.2
42 silly currentTree ├── colors@1.1.2
42 silly currentTree ├── combined-stream@1.0.5
42 silly currentTree ├── commander@2.9.0
42 silly currentTree ├── component-bind@1.0.0
42 silly currentTree ├── component-emitter@1.1.2
42 silly currentTree ├── component-inherit@0.0.3
42 silly currentTree ├── concat-map@0.0.1
42 silly currentTree ├── concat-stream@1.6.0
42 silly currentTree ├── concat-with-sourcemaps@1.0.4
42 silly currentTree ├── connect-history-api-fallback@1.3.0
42 silly currentTree ├─┬ connect@3.5.0
42 silly currentTree │ ├── debug@2.2.0
42 silly currentTree │ └── ms@0.7.1
42 silly currentTree ├── console-control-strings@1.1.0
42 silly currentTree ├── console-stream@0.1.1
42 silly currentTree ├── convert-source-map@1.3.0
42 silly currentTree ├── cookie@0.3.1
42 silly currentTree ├── core-js@2.4.1
42 silly currentTree ├── core-util-is@1.0.2
42 silly currentTree ├── create-error-class@3.0.2
42 silly currentTree ├─┬ cross-spawn@4.0.2
42 silly currentTree │ └── lru-cache@4.0.2
42 silly currentTree ├── cryptiles@2.0.5
42 silly currentTree ├── css-color-names@0.0.4
42 silly currentTree ├─┬ css@2.2.1
42 silly currentTree │ └── source-map@0.1.43
42 silly currentTree ├── cssnano@3.10.0
42 silly currentTree ├── csso@2.2.1
42 silly currentTree ├── currently-unhandled@0.4.1
42 silly currentTree ├── d@0.1.1
42 silly currentTree ├─┬ dashdash@1.14.1
42 silly currentTree │ └── assert-plus@1.0.0
42 silly currentTree ├── dateformat@2.0.0
42 silly currentTree ├─┬ debug-fabulous@0.0.4
42 silly currentTree │ └── object-assign@4.1.0
42 silly currentTree ├── debug@2.6.0
42 silly currentTree ├── decamelize@1.2.0
42 silly currentTree ├─┬ decompress-tar@3.1.0
42 silly currentTree │ ├── clone@0.2.0
42 silly currentTree │ ├── isarray@0.0.1
42 silly currentTree │ ├── object-assign@2.1.1
42 silly currentTree │ ├── readable-stream@1.0.34
42 silly currentTree │ ├── through2@0.6.5
42 silly currentTree │ └── vinyl@0.4.6
42 silly currentTree ├─┬ decompress-tarbz2@3.1.0
42 silly currentTree │ ├── clone@0.2.0
42 silly currentTree │ ├── isarray@0.0.1
42 silly currentTree │ ├── object-assign@2.1.1
42 silly currentTree │ ├── readable-stream@1.0.34
42 silly currentTree │ ├── through2@0.6.5
42 silly currentTree │ └── vinyl@0.4.6
42 silly currentTree ├─┬ decompress-targz@3.1.0
42 silly currentTree │ ├── clone@0.2.0
42 silly currentTree │ ├── isarray@0.0.1
42 silly currentTree │ ├── object-assign@2.1.1
42 silly currentTree │ ├── readable-stream@1.0.34
42 silly currentTree │ ├── through2@0.6.5
42 silly currentTree │ └── vinyl@0.4.6
42 silly currentTree ├─┬ decompress-unzip@3.4.0
42 silly currentTree │ └── vinyl@1.2.0
42 silly currentTree ├─┬ decompress@3.0.0
42 silly currentTree │ ├── glob-parent@3.1.0
42 silly currentTree │ ├─┬ glob-stream@5.3.5
42 silly currentTree │ │ ├── readable-stream@1.0.34
42 silly currentTree │ │ └── through2@0.6.5
42 silly currentTree │ ├── glob@5.0.15
42 silly currentTree │ ├── gulp-sourcemaps@1.6.0
42 silly currentTree │ ├── is-extglob@2.1.1
42 silly currentTree │ ├── is-glob@3.1.0
42 silly currentTree │ ├── isarray@0.0.1
42 silly currentTree │ ├── ordered-read-streams@0.3.0
42 silly currentTree │ ├── unique-stream@2.2.1
42 silly currentTree │ ├── vinyl-fs@2.4.4
42 silly currentTree │ └── vinyl@1.2.0
42 silly currentTree ├── deep-extend@0.4.1
42 silly currentTree ├── deep-is@0.1.3
42 silly currentTree ├── defaults@1.0.3
42 silly currentTree ├── defined@1.0.0
42 silly currentTree ├── del@2.2.2
42 silly currentTree ├── delayed-stream@1.0.0
42 silly currentTree ├── delegates@1.0.0
42 silly currentTree ├── depd@1.1.0
42 silly currentTree ├── deprecated@0.0.1
42 silly currentTree ├── destroy@1.0.4
42 silly currentTree ├── detect-file@0.1.0
42 silly currentTree ├── detect-indent@4.0.0
42 silly currentTree ├── detect-newline@2.1.0
42 silly currentTree ├── dev-ip@1.0.1
42 silly currentTree ├── doctrine@1.5.0
42 silly currentTree ├─┬ download@4.4.3
42 silly currentTree │ ├── glob-parent@3.1.0
42 silly currentTree │ ├─┬ glob-stream@5.3.5
42 silly currentTree │ │ ├── readable-stream@1.0.34
42 silly currentTree │ │ └── through2@0.6.5
42 silly currentTree │ ├── glob@5.0.15
42 silly currentTree │ ├── gulp-sourcemaps@1.6.0
42 silly currentTree │ ├── is-extglob@2.1.1
42 silly currentTree │ ├── is-glob@3.1.0
42 silly currentTree │ ├── isarray@0.0.1
42 silly currentTree │ ├── ordered-read-streams@0.3.0
42 silly currentTree │ ├── unique-stream@2.2.1
42 silly currentTree │ ├── vinyl-fs@2.4.4
42 silly currentTree │ └── vinyl@1.2.0
42 silly currentTree ├── duplexer@0.1.1
42 silly currentTree ├─┬ duplexer2@0.0.2
42 silly currentTree │ ├── isarray@0.0.1
42 silly currentTree │ └── readable-stream@1.1.14
42 silly currentTree ├─┬ duplexify@3.5.0
42 silly currentTree │ ├── end-of-stream@1.0.0
42 silly currentTree │ └── once@1.3.3
42 silly currentTree ├── each-async@1.1.1
42 silly currentTree ├─┬ easy-extender@2.3.2
42 silly currentTree │ └── lodash@3.10.1
42 silly currentTree ├── eazy-logger@3.0.2
42 silly currentTree ├── ecc-jsbn@0.1.1
42 silly currentTree ├── ee-first@1.1.1
42 silly currentTree ├── emitter-steward@1.0.0
42 silly currentTree ├── encodeurl@1.0.1
42 silly currentTree ├─┬ end-of-stream@0.1.5
42 silly currentTree │ └── once@1.3.3
42 silly currentTree ├─┬ engine.io-client@1.8.0
42 silly currentTree │ ├── component-emitter@1.2.1
42 silly currentTree │ └── debug@2.3.3
42 silly currentTree ├─┬ engine.io-parser@1.3.1
42 silly currentTree │ ├── has-binary@0.1.6
42 silly currentTree │ └── isarray@0.0.1
42 silly currentTree ├─┬ engine.io@1.8.0
42 silly currentTree │ └── debug@2.3.3
42 silly currentTree ├── error-ex@1.3.0
42 silly currentTree ├── es5-ext@0.10.12
42 silly currentTree ├── es6-iterator@2.0.0
42 silly currentTree ├── es6-map@0.1.4
42 silly currentTree ├── es6-set@0.1.4
42 silly currentTree ├── es6-symbol@3.1.0
42 silly currentTree ├── es6-weak-map@2.0.1
42 silly currentTree ├── escape-html@1.0.3
42 silly currentTree ├── escape-string-regexp@1.0.5
42 silly currentTree ├── escope@3.6.0
42 silly currentTree ├─┬ eslint@3.13.1
42 silly currentTree │ ├── strip-bom@3.0.0
42 silly currentTree │ └── user-home@2.0.0
42 silly currentTree ├─┬ espree@3.3.2
42 silly currentTree │ └── acorn@4.0.4
42 silly currentTree ├── esprima@2.7.3
42 silly currentTree ├─┬ esrecurse@4.1.0
42 silly currentTree │ └── estraverse@4.1.1
42 silly currentTree ├── estraverse@4.2.0
42 silly currentTree ├── esutils@2.0.2
42 silly currentTree ├── etag@1.7.0
42 silly currentTree ├── event-emitter@0.3.4
42 silly currentTree ├── event-stream@3.3.4
42 silly currentTree ├── eventemitter3@1.2.0
42 silly currentTree ├── exec-buffer@3.1.0
42 silly currentTree ├─┬ exec-series@1.0.3
42 silly currentTree │ └── async-each-series@1.1.0
42 silly currentTree ├── execa@0.5.1
42 silly currentTree ├── executable@1.1.0
42 silly currentTree ├── exit-hook@1.1.1
42 silly currentTree ├── expand-brackets@0.1.5
42 silly currentTree ├── expand-range@1.8.2
42 silly currentTree ├── expand-tilde@1.2.2
42 silly currentTree ├─┬ express@2.5.11
42 silly currentTree │ ├── connect@1.9.2
42 silly currentTree │ ├── mkdirp@0.3.0
42 silly currentTree │ └── qs@0.4.2
42 silly currentTree ├── extend-shallow@2.0.1
42 silly currentTree ├── extend@3.0.0
42 silly currentTree ├── extglob@0.3.2
42 silly currentTree ├── extsprintf@1.0.2
42 silly currentTree ├── fancy-log@1.3.0
42 silly currentTree ├── fast-levenshtein@2.0.6
42 silly currentTree ├── fd-slicer@1.0.1
42 silly currentTree ├── figures@1.7.0
42 silly currentTree ├── file-entry-cache@2.0.0
42 silly currentTree ├── file-type@3.9.0
42 silly currentTree ├── filename-regex@2.0.0
42 silly currentTree ├── filename-reserved-regex@1.0.0
42 silly currentTree ├── filenamify@1.2.1
42 silly currentTree ├── fill-range@2.2.3
42 silly currentTree ├─┬ finalhandler@0.5.0
42 silly currentTree │ ├── debug@2.2.0
42 silly currentTree │ └── ms@0.7.1
42 silly currentTree ├── find-index@0.1.1
42 silly currentTree ├── find-up@1.1.2
42 silly currentTree ├── find-versions@1.2.1
42 silly currentTree ├── findup-sync@0.4.3
42 silly currentTree ├── fined@1.0.2
42 silly currentTree ├── first-chunk-stream@1.0.0
42 silly currentTree ├── flagged-respawn@0.3.2
42 silly currentTree ├── flat-cache@1.2.2
42 silly currentTree ├── flatten@1.0.2
42 silly currentTree ├── for-in@0.1.6
42 silly currentTree ├── for-own@0.1.4
42 silly currentTree ├── forever-agent@0.6.1
42 silly currentTree ├── fork-stream@0.0.4
42 silly currentTree ├── form-data@2.1.2
42 silly currentTree ├── formidable@1.0.17
42 silly currentTree ├── fresh@0.3.0
42 silly currentTree ├── from@0.1.3
42 silly currentTree ├── fs-exists-sync@0.1.0
42 silly currentTree ├── fs-extra@1.0.0
42 silly currentTree ├── fs.realpath@1.0.0
42 silly currentTree ├── fstream@1.0.10
42 silly currentTree ├── function-bind@1.1.0
42 silly currentTree ├─┬ gauge@2.7.2
42 silly currentTree │ └── supports-color@0.2.0
42 silly currentTree ├── gaze@0.5.2
42 silly currentTree ├── generate-function@2.0.0
42 silly currentTree ├── generate-object-property@1.2.0
42 silly currentTree ├── get-caller-file@1.0.2
42 silly currentTree ├── get-proxy@1.1.0
42 silly currentTree ├── get-stdin@4.0.1
42 silly currentTree ├── get-stream@2.3.1
42 silly currentTree ├─┬ getpass@0.1.6
42 silly currentTree │ └── assert-plus@1.0.0
42 silly currentTree ├── gifsicle@3.0.4
42 silly currentTree ├── glob-base@0.3.0
42 silly currentTree ├── glob-parent@2.0.0
42 silly currentTree ├─┬ glob-stream@3.1.18
42 silly currentTree │ ├── glob@4.5.3
42 silly currentTree │ ├── isarray@0.0.1
42 silly currentTree │ ├── minimatch@2.0.10
42 silly currentTree │ ├── readable-stream@1.0.34
42 silly currentTree │ └── through2@0.6.5
42 silly currentTree ├── glob-watcher@0.0.6
42 silly currentTree ├── glob@7.1.1
42 silly currentTree ├── glob2base@0.0.12
42 silly currentTree ├── global-modules@0.2.3
42 silly currentTree ├── global-prefix@0.1.5
42 silly currentTree ├── globals@9.14.0
42 silly currentTree ├── globby@5.0.0
42 silly currentTree ├─┬ globule@0.1.0
42 silly currentTree │ ├── glob@3.1.21
42 silly currentTree │ ├── graceful-fs@1.2.3
42 silly currentTree │ ├── inherits@1.0.2
42 silly currentTree │ ├── lodash@1.0.2
42 silly currentTree │ └── minimatch@0.2.14
42 silly currentTree ├── glogg@1.0.0
42 silly currentTree ├─┬ got@5.7.1
42 silly currentTree │ └── duplexer2@0.1.4
42 silly currentTree ├── graceful-fs@4.1.11
42 silly currentTree ├── graceful-readlink@1.0.1
42 silly currentTree ├── gulp-autoprefixer@3.1.1
42 silly currentTree ├── gulp-babel@6.1.2
42 silly currentTree ├─┬ gulp-cache@0.4.5
42 silly currentTree │ └── vinyl@1.2.0
42 silly currentTree ├─┬ gulp-concat@2.6.1
42 silly currentTree │ ├── clone-stats@1.0.0
42 silly currentTree │ ├── replace-ext@1.0.0
42 silly currentTree │ └── vinyl@2.0.1
42 silly currentTree ├── gulp-cssnano@2.1.2
42 silly currentTree ├── gulp-decompress@1.2.0
42 silly currentTree ├── gulp-eslint@3.0.1
42 silly currentTree ├── gulp-filter@4.0.0
42 silly currentTree ├── gulp-htmlmin@3.0.0
42 silly currentTree ├── gulp-if@2.0.2
42 silly currentTree ├── gulp-imagemin@3.1.1
42 silly currentTree ├── gulp-load-plugins@1.4.0
42 silly currentTree ├── gulp-match@1.0.3
42 silly currentTree ├── gulp-plumber@1.1.0
42 silly currentTree ├── gulp-rename@1.2.2
42 silly currentTree ├── gulp-sass@2.3.2
42 silly currentTree ├─┬ gulp-size@2.1.0
42 silly currentTree │ └── pretty-bytes@3.0.1
42 silly currentTree ├─┬ gulp-sourcemaps@2.4.0
42 silly currentTree │ ├── acorn@4.0.4
42 silly currentTree │ ├── strip-bom@3.0.0
42 silly currentTree │ └── vinyl@1.2.0
42 silly currentTree ├─┬ gulp-uglify@2.0.0
42 silly currentTree │ ├── async@0.2.10
42 silly currentTree │ ├── cliui@2.1.0
42 silly currentTree │ ├── uglify-js@2.7.0
42 silly currentTree │ ├── window-size@0.1.0
42 silly currentTree │ ├── wordwrap@0.0.2
42 silly currentTree │ └── yargs@3.10.0
42 silly currentTree ├─┬ gulp-useref@3.1.2
42 silly currentTree │ ├── glob-parent@3.1.0
42 silly currentTree │ ├─┬ glob-stream@5.3.5
42 silly currentTree │ │ ├── glob@5.0.15
42 silly currentTree │ │ ├── readable-stream@1.0.34
42 silly currentTree │ │ └── through2@0.6.5
42 silly currentTree │ ├── gulp-sourcemaps@1.6.0
42 silly currentTree │ ├── is-extglob@2.1.1
42 silly currentTree │ ├── is-glob@3.1.0
42 silly currentTree │ ├── isarray@0.0.1
42 silly currentTree │ ├── ordered-read-streams@0.3.0
42 silly currentTree │ ├── unique-stream@2.2.1
42 silly currentTree │ ├── vinyl-fs@2.4.4
42 silly currentTree │ └── vinyl@1.2.0
42 silly currentTree ├─┬ gulp-util@3.0.8
42 silly currentTree │ ├── minimist@1.2.0
42 silly currentTree │ └── object-assign@3.0.0
42 silly currentTree ├─┬ gulp@3.9.1
42 silly currentTree │ ├── minimist@1.2.0
42 silly currentTree │ └── semver@4.3.6
42 silly currentTree ├── gulplog@1.0.0
42 silly currentTree ├── gzip-size@3.0.0
42 silly currentTree ├── har-validator@2.0.6
42 silly currentTree ├── has-ansi@2.0.0
42 silly currentTree ├─┬ has-binary@0.1.7
42 silly currentTree │ └── isarray@0.0.1
42 silly currentTree ├── has-cors@1.1.0
42 silly currentTree ├── has-flag@1.0.0
42 silly currentTree ├── has-gulplog@0.1.0
42 silly currentTree ├── has-unicode@2.0.1
42 silly currentTree ├── has@1.0.1
42 silly currentTree ├── hawk@3.1.3
42 silly currentTree ├── he@1.1.0
42 silly currentTree ├── hoek@2.16.3
42 silly currentTree ├── home-or-tmp@2.0.0
42 silly currentTree ├── homedir-polyfill@1.0.1
42 silly currentTree ├── hosted-git-info@2.1.5
42 silly currentTree ├── html-comment-regex@1.1.1
42 silly currentTree ├── html-minifier@3.2.3
42 silly currentTree ├── http-errors@1.5.1
42 silly currentTree ├── http-proxy@1.15.2
42 silly currentTree ├── http-signature@1.1.1
42 silly currentTree ├── ignore@3.2.0
42 silly currentTree ├── imagemin-gifsicle@5.1.0
42 silly currentTree ├── imagemin-jpegtran@5.0.2
42 silly currentTree ├── imagemin-optipng@5.2.1
42 silly currentTree ├── imagemin-svgo@5.2.0
42 silly currentTree ├── imagemin@5.2.2
42 silly currentTree ├── immutable@3.8.1
42 silly currentTree ├── imurmurhash@0.1.4
42 silly currentTree ├── in-publish@2.0.0
42 silly currentTree ├── indent-string@2.1.0
42 silly currentTree ├── indexes-of@1.0.1
42 silly currentTree ├── indexof@0.0.1
42 silly currentTree ├── inflight@1.0.6
42 silly currentTree ├── inherits@2.0.3
42 silly currentTree ├── ini@1.3.4
42 silly currentTree ├── inquirer@0.12.0
42 silly currentTree ├── interpret@1.0.1
42 silly currentTree ├── invariant@2.2.2
42 silly currentTree ├── invert-kv@1.0.0
42 silly currentTree ├── ip-regex@1.0.3
42 silly currentTree ├── irregular-plurals@1.2.0
42 silly currentTree ├── is-absolute-url@2.1.0
42 silly currentTree ├── is-absolute@0.2.6
42 silly currentTree ├── is-arrayish@0.2.1
42 silly currentTree ├── is-binary-path@1.0.1
42 silly currentTree ├── is-buffer@1.1.4
42 silly currentTree ├── is-builtin-module@1.0.0
42 silly currentTree ├── is-bzip2@1.0.0
42 silly currentTree ├── is-dotfile@1.0.2
42 silly currentTree ├── is-equal-shallow@0.1.3
42 silly currentTree ├── is-extendable@0.1.1
42 silly currentTree ├── is-extglob@1.0.0
42 silly currentTree ├── is-finite@1.0.2
42 silly currentTree ├── is-fullwidth-code-point@1.0.0
42 silly currentTree ├── is-gif@1.0.0
42 silly currentTree ├── is-glob@2.0.1
42 silly currentTree ├── is-gzip@1.0.0
42 silly currentTree ├── is-jpg@1.0.0
42 silly currentTree ├── is-my-json-valid@2.15.0
42 silly currentTree ├── is-natural-number@2.1.1
42 silly currentTree ├── is-number-like@1.0.7
42 silly currentTree ├── is-number@2.1.0
42 silly currentTree ├── is-obj@1.0.1
42 silly currentTree ├── is-path-cwd@1.0.0
42 silly currentTree ├── is-path-in-cwd@1.0.0
42 silly currentTree ├── is-path-inside@1.0.0
42 silly currentTree ├── is-plain-obj@1.1.0
42 silly currentTree ├── is-png@1.0.0
42 silly currentTree ├── is-posix-bracket@0.1.1
42 silly currentTree ├── is-primitive@2.0.0
42 silly currentTree ├── is-property@1.0.2
42 silly currentTree ├── is-redirect@1.0.0
42 silly currentTree ├─┬ is-relative-url@1.0.0
42 silly currentTree │ └── is-absolute-url@1.0.0
42 silly currentTree ├── is-relative@0.2.1
42 silly currentTree ├── is-resolvable@1.0.0
42 silly currentTree ├── is-retry-allowed@1.1.0
42 silly currentTree ├── is-stream@1.1.0
42 silly currentTree ├── is-svg@2.1.0
42 silly currentTree ├── is-tar@1.0.0
42 silly currentTree ├── is-typedarray@1.0.0
42 silly currentTree ├── is-unc-path@0.1.2
42 silly currentTree ├── is-url@1.2.2
42 silly currentTree ├── is-utf8@0.2.1
42 silly currentTree ├── is-valid-glob@0.3.0
42 silly currentTree ├── is-windows@0.2.0
42 silly currentTree ├── is-zip@1.0.0
42 silly currentTree ├── isarray@1.0.0
42 silly currentTree ├── isexe@1.1.2
42 silly currentTree ├── isobject@2.1.0
42 silly currentTree ├── isstream@0.1.2
42 silly currentTree ├── jodid25519@1.0.2
42 silly currentTree ├── jpegtran-bin@3.2.0
42 silly currentTree ├── js-base64@2.1.9
42 silly currentTree ├── js-tokens@2.0.0
42 silly currentTree ├── js-yaml@3.6.1
42 silly currentTree ├── jsbn@0.1.0
42 silly currentTree ├── jsesc@1.3.0
42 silly currentTree ├── json-schema@0.2.3
42 silly currentTree ├── json-stable-stringify@1.0.1
42 silly currentTree ├── json-stringify-safe@5.0.1
42 silly currentTree ├── json3@3.3.2
42 silly currentTree ├── json5@0.5.1
42 silly currentTree ├── jsonfile@2.4.0
42 silly currentTree ├── jsonify@0.0.0
42 silly currentTree ├── jsonpointer@4.0.1
42 silly currentTree ├── jsprim@1.3.1
42 silly currentTree ├── kind-of@3.1.0
42 silly currentTree ├── klaw@1.3.1
42 silly currentTree ├── lazy-cache@1.0.4
42 silly currentTree ├── lazy-debug-legacy@0.0.1
42 silly currentTree ├── lazy-req@1.1.0
42 silly currentTree ├── lazystream@1.0.0
42 silly currentTree ├── lcid@1.0.0
42 silly currentTree ├── levn@0.3.0
42 silly currentTree ├── liftoff@2.3.0
42 silly currentTree ├── limiter@1.1.0
42 silly currentTree ├── load-json-file@1.1.0
42 silly currentTree ├─┬ localtunnel@1.8.2
42 silly currentTree │ ├── debug@2.2.0
42 silly currentTree │ ├── ms@0.7.1
42 silly currentTree │ └── yargs@3.29.0
42 silly currentTree ├── lodash._basecopy@3.0.1
42 silly currentTree ├── lodash._basetostring@3.0.1
42 silly currentTree ├── lodash._basevalues@3.0.0
42 silly currentTree ├── lodash._getnative@3.9.1
42 silly currentTree ├── lodash._isiterateecall@3.0.9
42 silly currentTree ├── lodash._reescape@3.0.0
42 silly currentTree ├── lodash._reevaluate@3.0.0
42 silly currentTree ├── lodash._reinterpolate@3.0.0
42 silly currentTree ├── lodash._root@3.0.1
42 silly currentTree ├── lodash.assign@4.2.0
42 silly currentTree ├── lodash.assignwith@4.2.0
42 silly currentTree ├── lodash.clonedeep@4.5.0
42 silly currentTree ├── lodash.escape@3.2.0
42 silly currentTree ├── lodash.indexof@4.0.5
42 silly currentTree ├── lodash.isarguments@3.1.0
42 silly currentTree ├── lodash.isarray@3.0.4
42 silly currentTree ├── lodash.isempty@4.4.0
42 silly currentTree ├── lodash.isequal@4.5.0
42 silly currentTree ├── lodash.isfinite@3.3.2
42 silly currentTree ├── lodash.isplainobject@4.0.6
42 silly currentTree ├── lodash.isstring@4.0.1
42 silly currentTree ├── lodash.keys@3.1.2
42 silly currentTree ├── lodash.mapvalues@4.6.0
42 silly currentTree ├── lodash.memoize@4.1.2
42 silly currentTree ├── lodash.pick@4.4.0
42 silly currentTree ├── lodash.restparam@3.6.1
42 silly currentTree ├── lodash.template@3.6.2
42 silly currentTree ├── lodash.templatesettings@3.1.1
42 silly currentTree ├── lodash.uniq@4.5.0
42 silly currentTree ├── lodash@4.17.4
42 silly currentTree ├── logalot@2.1.0
42 silly currentTree ├── longest@1.0.1
42 silly currentTree ├─┬ loose-envify@1.3.1
42 silly currentTree │ └── js-tokens@3.0.0
42 silly currentTree ├── loud-rejection@1.6.0
42 silly currentTree ├── lower-case@1.1.3
42 silly currentTree ├── lowercase-keys@1.0.0
42 silly currentTree ├── lpad-align@1.1.0
42 silly currentTree ├── lpad@2.0.1
42 silly currentTree ├── lru-cache@2.7.3
42 silly currentTree ├── macaddress@0.2.8
42 silly currentTree ├── magic-string@0.14.0
42 silly currentTree ├─┬ main-bower-files@2.13.1
42 silly currentTree │ ├── extend@2.0.1
42 silly currentTree │ ├── glob-parent@3.1.0
42 silly currentTree │ ├─┬ glob-stream@5.3.5
42 silly currentTree │ │ ├── extend@3.0.0
42 silly currentTree │ │ ├── readable-stream@1.0.34
42 silly currentTree │ │ └── through2@0.6.5
42 silly currentTree │ ├── glob@5.0.15
42 silly currentTree │ ├── globby@2.1.0
42 silly currentTree │ ├── gulp-sourcemaps@1.6.0
42 silly currentTree │ ├── is-extglob@2.1.1
42 silly currentTree │ ├── is-glob@3.1.0
42 silly currentTree │ ├── isarray@0.0.1
42 silly currentTree │ ├── object-assign@3.0.0
42 silly currentTree │ ├── ordered-read-streams@0.3.0
42 silly currentTree │ ├── path-exists@1.0.0
42 silly currentTree │ ├── strip-json-comments@1.0.4
42 silly currentTree │ ├── unique-stream@2.2.1
42 silly currentTree │ ├─┬ vinyl-fs@2.4.4
42 silly currentTree │ │ └── object-assign@4.1.1
42 silly currentTree │ └── vinyl@1.2.0
42 silly currentTree ├── make-error-cause@1.2.2
42 silly currentTree ├── make-error@1.2.1
42 silly currentTree ├── map-cache@0.2.2
42 silly currentTree ├── map-obj@1.0.1
42 silly currentTree ├── map-stream@0.1.0
42 silly currentTree ├── math-expression-evaluator@1.2.14
42 silly currentTree ├─┬ meow@3.7.0
42 silly currentTree │ └── minimist@1.2.0
42 silly currentTree ├── merge-stream@1.0.1
42 silly currentTree ├── micromatch@2.3.11
42 silly currentTree ├── mime-db@1.26.0
42 silly currentTree ├── mime-types@2.1.14
42 silly currentTree ├── mime@1.2.4
42 silly currentTree ├── minimatch@3.0.3
42 silly currentTree ├── minimist@0.0.8
42 silly currentTree ├── mkdirp@0.5.1
42 silly currentTree ├── mout@1.0.0
42 silly currentTree ├── ms@0.7.2
42 silly currentTree ├── multimatch@2.1.0
42 silly currentTree ├── multipipe@0.1.2
42 silly currentTree ├── mute-stream@0.0.5
42 silly currentTree ├── nan@2.5.0
42 silly currentTree ├── natives@1.1.0
42 silly currentTree ├── natural-compare@1.4.0
42 silly currentTree ├── ncname@1.0.0
42 silly currentTree ├── negotiator@0.6.1
42 silly currentTree ├── no-case@2.3.1
42 silly currentTree ├── node-gyp@3.5.0
42 silly currentTree ├─┬ node-sass@3.13.1
42 silly currentTree │ ├── cross-spawn@3.0.1
42 silly currentTree │ ├── gaze@1.1.2
42 silly currentTree │ ├── globule@1.1.0
42 silly currentTree │ ├── lodash@4.16.6
42 silly currentTree │ └── lru-cache@4.0.2
42 silly currentTree ├── node-status-codes@1.0.0
42 silly currentTree ├── node-uuid@1.4.7
42 silly currentTree ├── nopt@3.0.6
42 silly currentTree ├── normalize-package-data@2.3.5
42 silly currentTree ├── normalize-path@2.0.1
42 silly currentTree ├── normalize-range@0.1.2
42 silly currentTree ├── normalize-url@1.9.0
42 silly currentTree ├── npm-run-path@2.0.2
42 silly currentTree ├── npmlog@4.0.2
42 silly currentTree ├── num2fraction@1.2.2
42 silly currentTree ├── number-is-nan@1.0.1
42 silly currentTree ├── oauth-sign@0.8.2
42 silly currentTree ├── object-assign@4.1.1
42 silly currentTree ├── object-component@0.0.3
42 silly currentTree ├── object-path@0.9.2
42 silly currentTree ├── object.omit@2.0.1
42 silly currentTree ├── object.pick@1.2.0
42 silly currentTree ├── on-finished@2.3.0
42 silly currentTree ├── once@1.4.0
42 silly currentTree ├── onetime@1.1.0
42 silly currentTree ├── openurl@1.1.0
42 silly currentTree ├── opn@4.0.2
42 silly currentTree ├─┬ optimist@0.6.1
42 silly currentTree │ └── wordwrap@0.0.3
42 silly currentTree ├── optionator@0.8.2
42 silly currentTree ├── options@0.0.6
42 silly currentTree ├── optipng-bin@3.1.2
42 silly currentTree ├── orchestrator@0.3.8
42 silly currentTree ├── ordered-read-streams@0.1.0
42 silly currentTree ├── os-filter-obj@1.0.3
42 silly currentTree ├── os-homedir@1.0.2
42 silly currentTree ├── os-locale@1.4.0
42 silly currentTree ├── os-tmpdir@1.0.2
42 silly currentTree ├── osenv@0.1.4
42 silly currentTree ├── p-finally@1.0.0
42 silly currentTree ├── param-case@2.1.0
42 silly currentTree ├── parse-filepath@1.0.1
42 silly currentTree ├── parse-glob@3.0.4
42 silly currentTree ├── parse-json@2.2.0
42 silly currentTree ├── parse-passwd@1.0.0
42 silly currentTree ├── parsejson@0.0.3
42 silly currentTree ├── parseqs@0.0.5
42 silly currentTree ├── parseuri@0.0.5
42 silly currentTree ├── parseurl@1.3.1
42 silly currentTree ├── path-dirname@1.0.2
42 silly currentTree ├── path-exists@2.1.0
42 silly currentTree ├── path-is-absolute@1.0.1
42 silly currentTree ├── path-is-inside@1.0.2
42 silly currentTree ├── path-key@2.0.1
42 silly currentTree ├── path-root-regex@0.1.2
42 silly currentTree ├── path-root@0.1.1
42 silly currentTree ├── path-type@1.1.0
42 silly currentTree ├── pause-stream@0.0.11
42 silly currentTree ├── pend@1.2.0
42 silly currentTree ├── pify@2.3.0
42 silly currentTree ├── pinkie-promise@2.0.1
42 silly currentTree ├── pinkie@2.0.4
42 silly currentTree ├── plur@2.1.2
42 silly currentTree ├── pluralize@1.2.1
42 silly currentTree ├── portscanner@2.1.1
42 silly currentTree ├── postcss-calc@5.3.1
42 silly currentTree ├── postcss-colormin@2.2.1
42 silly currentTree ├── postcss-convert-values@2.6.0
42 silly currentTree ├── postcss-discard-comments@2.0.4
42 silly currentTree ├── postcss-discard-duplicates@2.0.2
42 silly currentTree ├── postcss-discard-empty@2.1.0
42 silly currentTree ├── postcss-discard-overridden@0.1.1
42 silly currentTree ├── postcss-discard-unused@2.2.3
42 silly currentTree ├── postcss-filter-plugins@2.0.2
42 silly currentTree ├── postcss-merge-idents@2.1.7
42 silly currentTree ├── postcss-merge-longhand@2.0.2
42 silly currentTree ├── postcss-merge-rules@2.1.1
42 silly currentTree ├── postcss-message-helpers@2.0.0
42 silly currentTree ├── postcss-minify-font-values@1.0.5
42 silly currentTree ├── postcss-minify-gradients@1.0.5
42 silly currentTree ├── postcss-minify-params@1.2.2
42 silly currentTree ├── postcss-minify-selectors@2.1.1
42 silly currentTree ├── postcss-normalize-charset@1.1.1
42 silly currentTree ├── postcss-normalize-url@3.0.8
42 silly currentTree ├── postcss-ordered-values@2.2.3
42 silly currentTree ├── postcss-reduce-idents@2.4.0
42 silly currentTree ├── postcss-reduce-initial@1.0.1
42 silly currentTree ├── postcss-reduce-transforms@1.0.4
42 silly currentTree ├── postcss-selector-parser@2.2.2
42 silly currentTree ├── postcss-svgo@2.1.6
42 silly currentTree ├── postcss-unique-selectors@2.0.2
42 silly currentTree ├── postcss-value-parser@3.3.0
42 silly currentTree ├── postcss-zindex@2.2.0
42 silly currentTree ├─┬ postcss@5.2.10
42 silly currentTree │ └── supports-color@3.2.3
42 silly currentTree ├── prelude-ls@1.1.2
42 silly currentTree ├── prepend-http@1.0.4
42 silly currentTree ├── preserve@0.2.0
42 silly currentTree ├── pretty-bytes@4.0.2
42 silly currentTree ├── pretty-hrtime@1.0.3
42 silly currentTree ├── private@0.1.6
42 silly currentTree ├── process-nextick-args@1.0.7
42 silly currentTree ├── progress@1.1.8
42 silly currentTree ├── promise.pipe@3.0.0
42 silly currentTree ├── propprop@0.3.1
42 silly currentTree ├── pseudomap@1.0.2
42 silly currentTree ├── punycode@1.4.1
42 silly currentTree ├── q@1.4.1
42 silly currentTree ├── qs@6.2.1
42 silly currentTree ├── query-string@4.3.1
42 silly currentTree ├── randomatic@1.1.6
42 silly currentTree ├── range-parser@1.2.0
42 silly currentTree ├─┬ rc@1.1.6
42 silly currentTree │ ├── minimist@1.2.0
42 silly currentTree │ └── strip-json-comments@1.0.4
42 silly currentTree ├── read-all-stream@3.1.0
42 silly currentTree ├── read-pkg-up@1.0.1
42 silly currentTree ├── read-pkg@1.1.0
42 silly currentTree ├── readable-stream@2.2.2
42 silly currentTree ├── readdirp@2.1.0
42 silly currentTree ├── readline2@1.0.1
42 silly currentTree ├── rechoir@0.6.2
42 silly currentTree ├── redent@1.0.0
42 silly currentTree ├── reduce-css-calc@1.3.0
42 silly currentTree ├── reduce-function-call@1.0.2
42 silly currentTree ├── regenerate@1.3.2
42 silly currentTree ├── regenerator-runtime@0.10.1
42 silly currentTree ├── regenerator-transform@0.9.8
42 silly currentTree ├── regex-cache@0.4.3
42 silly currentTree ├── regexpu-core@2.0.0
42 silly currentTree ├── regjsgen@0.2.0
42 silly currentTree ├─┬ regjsparser@0.1.5
42 silly currentTree │ └── jsesc@0.5.0
42 silly currentTree ├── relateurl@0.2.7
42 silly currentTree ├── remove-trailing-separator@1.0.1
42 silly currentTree ├── repeat-element@1.1.2
42 silly currentTree ├── repeat-string@1.6.1
42 silly currentTree ├── repeating@2.0.1
42 silly currentTree ├── replace-ext@0.0.1
42 silly currentTree ├─┬ request@2.78.0
42 silly currentTree │ └── qs@6.3.0
42 silly currentTree ├── require-directory@2.1.1
42 silly currentTree ├── require-main-filename@1.0.1
42 silly currentTree ├── require-uncached@1.0.3
42 silly currentTree ├── requires-port@1.0.0
42 silly currentTree ├── resolve-dir@0.1.1
42 silly currentTree ├── resolve-from@1.0.1
42 silly currentTree ├── resolve-url@0.2.1
42 silly currentTree ├── resolve@1.2.0
42 silly currentTree ├── resp-modifier@6.0.2
42 silly currentTree ├── restore-cursor@1.0.1
42 silly currentTree ├── right-align@0.1.3
42 silly currentTree ├── rimraf@2.5.4
42 silly currentTree ├── run-async@0.1.0
42 silly currentTree ├── run-sequence@1.2.2
42 silly currentTree ├── rx-lite@3.1.2
42 silly currentTree ├── rx@4.1.0
42 silly currentTree ├─┬ sass-graph@2.1.2
42 silly currentTree │ ├── camelcase@3.0.0
42 silly currentTree │ ├── window-size@0.2.0
42 silly currentTree │ ├── yargs-parser@2.4.1
42 silly currentTree │ └── yargs@4.8.1
42 silly currentTree ├── sax@1.2.1
42 silly currentTree ├─┬ seek-bzip@1.0.5
42 silly currentTree │ └── commander@2.8.1
42 silly currentTree ├── semver-regex@1.0.0
42 silly currentTree ├── semver-truncate@1.1.2
42 silly currentTree ├── semver@5.3.0
42 silly currentTree ├─┬ send@0.14.1
42 silly currentTree │ ├── debug@2.2.0
42 silly currentTree │ ├── mime@1.3.4
42 silly currentTree │ └── ms@0.7.1
42 silly currentTree ├── sequencify@0.0.7
42 silly currentTree ├─┬ serve-index@1.8.0
42 silly currentTree │ ├── debug@2.2.0
42 silly currentTree │ └── ms@0.7.1
42 silly currentTree ├── serve-static@1.11.1
42 silly currentTree ├── server-destroy@1.0.1
42 silly currentTree ├── set-blocking@2.0.0
42 silly currentTree ├── set-immediate-shim@1.0.1
42 silly currentTree ├── setprototypeof@1.0.2
42 silly currentTree ├── shelljs@0.7.6
42 silly currentTree ├── sigmund@1.0.1
42 silly currentTree ├── signal-exit@3.0.2
42 silly currentTree ├── slash@1.0.0
42 silly currentTree ├── slice-ansi@0.0.4
42 silly currentTree ├── sntp@1.0.9
42 silly currentTree ├─┬ socket.io-adapter@0.5.0
42 silly currentTree │ └── debug@2.3.3
42 silly currentTree ├─┬ socket.io-client@1.6.0
42 silly currentTree │ ├── component-emitter@1.2.1
42 silly currentTree │ └── debug@2.3.3
42 silly currentTree ├─┬ socket.io-parser@2.3.1
42 silly currentTree │ ├── debug@2.2.0
42 silly currentTree │ ├── isarray@0.0.1
42 silly currentTree │ └── ms@0.7.1
42 silly currentTree ├─┬ socket.io@1.6.0
42 silly currentTree │ ├── debug@2.3.3
42 silly currentTree │ └── object-assign@4.1.0
42 silly currentTree ├── sort-keys@1.1.2
42 silly currentTree ├── source-map-resolve@0.3.1
42 silly currentTree ├── source-map-support@0.4.10
42 silly currentTree ├── source-map-url@0.3.0
42 silly currentTree ├── source-map@0.5.6
42 silly currentTree ├── sparkles@1.0.0
42 silly currentTree ├── spdx-correct@1.0.2
42 silly currentTree ├── spdx-expression-parse@1.0.4
42 silly currentTree ├── spdx-license-ids@1.2.2
42 silly currentTree ├── split@0.3.3
42 silly currentTree ├── sprintf-js@1.0.3
42 silly currentTree ├── squeak@1.3.0
42 silly currentTree ├─┬ sshpk@1.10.2
42 silly currentTree │ └── assert-plus@1.0.0
42 silly currentTree ├── stat-mode@0.2.2
42 silly currentTree ├── statuses@1.3.1
42 silly currentTree ├── stream-combiner@0.0.4
42 silly currentTree ├─┬ stream-combiner2@1.1.1
42 silly currentTree │ └── duplexer2@0.1.4
42 silly currentTree ├── stream-consume@0.1.0
42 silly currentTree ├── stream-counter@1.0.0
42 silly currentTree ├── stream-shift@1.0.0
42 silly currentTree ├── stream-throttle@0.1.3
42 silly currentTree ├── streamfilter@1.0.5
42 silly currentTree ├── strict-uri-encode@1.1.0
42 silly currentTree ├── string_decoder@0.10.31
42 silly currentTree ├── string-width@1.0.2
42 silly currentTree ├── stringstream@0.0.5
42 silly currentTree ├── strip-ansi@3.0.1
42 silly currentTree ├── strip-bom-stream@1.0.0
42 silly currentTree ├── strip-bom@2.0.0
42 silly currentTree ├─┬ strip-dirs@1.1.1
42 silly currentTree │ ├── is-absolute@0.1.7
42 silly currentTree │ ├── is-relative@0.1.3
42 silly currentTree │ └── minimist@1.2.0
42 silly currentTree ├── strip-eof@1.0.0
42 silly currentTree ├── strip-indent@1.0.1
42 silly currentTree ├── strip-json-comments@2.0.1
42 silly currentTree ├── strip-outer@1.0.0
42 silly currentTree ├── sum-up@1.0.3
42 silly currentTree ├── supports-color@2.0.0
42 silly currentTree ├── svgo@0.7.1
42 silly currentTree ├─┬ table@3.8.3
42 silly currentTree │ ├── is-fullwidth-code-point@2.0.0
42 silly currentTree │ └── string-width@2.0.0
42 silly currentTree ├─┬ tar-stream@1.5.2
42 silly currentTree │ ├── end-of-stream@1.1.0
42 silly currentTree │ └── once@1.3.3
42 silly currentTree ├── tar@2.2.1
42 silly currentTree ├── tempfile@1.1.1
42 silly currentTree ├── ternary-stream@2.0.1
42 silly currentTree ├── text-table@0.2.0
42 silly currentTree ├── tfunk@3.1.0
42 silly currentTree ├── through@2.3.8
42 silly currentTree ├── through2-concurrent@1.1.1
42 silly currentTree ├── through2-filter@2.0.0
42 silly currentTree ├── through2@2.0.3
42 silly currentTree ├── tildify@1.2.0
42 silly currentTree ├── time-stamp@1.0.1
42 silly currentTree ├── timed-out@3.1.3
42 silly currentTree ├── to-absolute-glob@0.1.1
42 silly currentTree ├── to-array@0.1.4
42 silly currentTree ├── to-fast-properties@1.0.2
42 silly currentTree ├── tough-cookie@2.3.2
42 silly currentTree ├── trim-newlines@1.0.0
42 silly currentTree ├── trim-repeated@1.0.0
42 silly currentTree ├── try-json-parse@0.1.1
42 silly currentTree ├── tryit@1.0.3
42 silly currentTree ├── tunnel-agent@0.4.3
42 silly currentTree ├── tweetnacl@0.14.5
42 silly currentTree ├── type-check@0.3.2
42 silly currentTree ├── typedarray@0.0.6
42 silly currentTree ├── ua-parser-js@0.7.12
42 silly currentTree ├─┬ uglify-js@2.7.5
42 silly currentTree │ ├── async@0.2.10
42 silly currentTree │ ├── cliui@2.1.0
42 silly currentTree │ ├── window-size@0.1.0
42 silly currentTree │ ├── wordwrap@0.0.2
42 silly currentTree │ └── yargs@3.10.0
42 silly currentTree ├── uglify-save-license@0.4.1
42 silly currentTree ├── uglify-to-browserify@1.0.2
42 silly currentTree ├── ultron@1.0.2
42 silly currentTree ├── unc-path-regex@0.1.2
42 silly currentTree ├── underscore@1.7.0
42 silly currentTree ├── uniq@1.0.1
42 silly currentTree ├── uniqid@4.1.1
42 silly currentTree ├── uniqs@2.0.0
42 silly currentTree ├── unique-stream@1.0.0
42 silly currentTree ├── unpipe@1.0.0
42 silly currentTree ├── untildify@2.1.0
42 silly currentTree ├── unzip-response@1.0.2
42 silly currentTree ├── upper-case@1.1.3
42 silly currentTree ├── urix@0.1.0
42 silly currentTree ├── url-parse-lax@1.0.0
42 silly currentTree ├── url-regex@3.2.0
42 silly currentTree ├── user-home@1.1.1
42 silly currentTree ├── useref@1.2.0
42 silly currentTree ├── util-deprecate@1.0.2
42 silly currentTree ├── utils-merge@1.0.0
42 silly currentTree ├── uuid@2.0.3
42 silly currentTree ├── v8flags@2.0.11
42 silly currentTree ├── vali-date@1.0.0
42 silly currentTree ├── validate-npm-package-license@3.0.1
42 silly currentTree ├── vendors@1.0.1
42 silly currentTree ├── verror@1.3.6
42 silly currentTree ├── vinyl-assign@1.2.1
42 silly currentTree ├─┬ vinyl-fs@0.3.14
42 silly currentTree │ ├── clone@0.2.0
42 silly currentTree │ ├── graceful-fs@3.0.11
42 silly currentTree │ ├── isarray@0.0.1
42 silly currentTree │ ├── readable-stream@1.0.34
42 silly currentTree │ ├── strip-bom@1.0.0
42 silly currentTree │ ├── through2@0.6.5
42 silly currentTree │ └── vinyl@0.4.6
42 silly currentTree ├── vinyl-sourcemaps-apply@0.2.1
42 silly currentTree ├── vinyl@0.5.3
42 silly currentTree ├── vlq@0.2.1
42 silly currentTree ├── ware@1.3.0
42 silly currentTree ├── weinre@2.0.0-pre-I0Z7U9OV
42 silly currentTree ├── whet.extend@0.9.9
42 silly currentTree ├── which-module@1.0.0
42 silly currentTree ├── which@1.2.12
42 silly currentTree ├── wide-align@1.1.0
42 silly currentTree ├── window-size@0.1.4
42 silly currentTree ├─┬ wiredep-cli@0.1.0
42 silly currentTree │ └── minimist@1.2.0
42 silly currentTree ├── wiredep@4.0.0
42 silly currentTree ├── wordwrap@1.0.0
42 silly currentTree ├── wrap-ansi@2.1.0
42 silly currentTree ├─┬ wrap-fn@0.1.5
42 silly currentTree │ └── co@3.1.0
42 silly currentTree ├── wrappy@1.0.2
42 silly currentTree ├── write@0.2.1
42 silly currentTree ├── ws@1.1.1
42 silly currentTree ├── wtf-8@1.0.0
42 silly currentTree ├── xml-char-classes@1.0.0
42 silly currentTree ├── xmlhttprequest-ssl@1.5.3
42 silly currentTree ├── xtend@4.0.1
42 silly currentTree ├── y18n@3.2.1
42 silly currentTree ├── yallist@2.0.0
42 silly currentTree ├─┬ yargs-parser@4.2.1
42 silly currentTree │ └── camelcase@3.0.0
42 silly currentTree ├─┬ yargs@6.4.0
42 silly currentTree │ ├── camelcase@3.0.0
42 silly currentTree │ └── window-size@0.2.0
42 silly currentTree ├── yauzl@2.7.0
42 silly currentTree └── yeast@0.1.2
43 silly idealTree Busulla
43 silly idealTree ├── abbrev@1.0.9
43 silly idealTree ├── accepts@1.3.3
43 silly idealTree ├── acorn-jsx@3.0.1
43 silly idealTree ├── acorn-object-spread@1.0.0
43 silly idealTree ├── acorn@3.3.0
43 silly idealTree ├── after@0.8.1
43 silly idealTree ├── ajv-keywords@1.5.0
43 silly idealTree ├── ajv@4.10.4
43 silly idealTree ├── align-text@0.1.4
43 silly idealTree ├── alphanum-sort@1.0.2
43 silly idealTree ├── amdefine@1.0.1
43 silly idealTree ├── ansi-escapes@1.4.0
43 silly idealTree ├── ansi-regex@2.1.1
43 silly idealTree ├── ansi-styles@2.2.1
43 silly idealTree ├── anymatch@1.3.0
43 silly idealTree ├── aproba@1.0.4
43 silly idealTree ├── archive-type@3.2.0
43 silly idealTree ├── archy@1.0.0
43 silly idealTree ├── are-we-there-yet@1.1.2
43 silly idealTree ├── argparse@1.0.9
43 silly idealTree ├── arr-diff@2.0.0
43 silly idealTree ├── arr-flatten@1.0.1
43 silly idealTree ├── array-differ@1.0.0
43 silly idealTree ├── array-find-index@1.0.2
43 silly idealTree ├── array-union@1.0.2
43 silly idealTree ├── array-uniq@1.0.3
43 silly idealTree ├── array-unique@0.2.1
43 silly idealTree ├── arraybuffer.slice@0.0.6
43 silly idealTree ├── arrify@1.0.1
43 silly idealTree ├── asn1@0.2.3
43 silly idealTree ├── assert-plus@0.2.0
43 silly idealTree ├── async-each-series@0.1.1
43 silly idealTree ├── async-each@1.0.1
43 silly idealTree ├── async-foreach@0.1.3
43 silly idealTree ├── async@1.5.2
43 silly idealTree ├── asynckit@0.4.0
43 silly idealTree ├── atob@1.1.3
43 silly idealTree ├── autoprefixer@6.6.1
43 silly idealTree ├── aws-sign2@0.6.0
43 silly idealTree ├── aws4@1.5.0
43 silly idealTree ├── babel-code-frame@6.20.0
43 silly idealTree ├── babel-core@6.21.0
43 silly idealTree ├── babel-generator@6.21.0
43 silly idealTree ├── babel-helper-call-delegate@6.18.0
43 silly idealTree ├── babel-helper-define-map@6.18.0
43 silly idealTree ├── babel-helper-function-name@6.18.0
43 silly idealTree ├── babel-helper-get-function-arity@6.18.0
43 silly idealTree ├── babel-helper-hoist-variables@6.18.0
43 silly idealTree ├── babel-helper-optimise-call-expression@6.18.0
43 silly idealTree ├── babel-helper-regex@6.18.0
43 silly idealTree ├── babel-helper-replace-supers@6.18.0
43 silly idealTree ├── babel-helpers@6.16.0
43 silly idealTree ├── babel-messages@6.8.0
43 silly idealTree ├── babel-plugin-check-es2015-constants@6.8.0
43 silly idealTree ├── babel-plugin-transform-es2015-arrow-functions@6.8.0
43 silly idealTree ├── babel-plugin-transform-es2015-block-scoped-functions@6.8.0
43 silly idealTree ├── babel-plugin-transform-es2015-block-scoping@6.21.0
43 silly idealTree ├── babel-plugin-transform-es2015-classes@6.18.0
43 silly idealTree ├── babel-plugin-transform-es2015-computed-properties@6.8.0
43 silly idealTree ├── babel-plugin-transform-es2015-destructuring@6.19.0
43 silly idealTree ├── babel-plugin-transform-es2015-duplicate-keys@6.8.0
43 silly idealTree ├── babel-plugin-transform-es2015-for-of@6.18.0
43 silly idealTree ├── babel-plugin-transform-es2015-function-name@6.9.0
43 silly idealTree ├── babel-plugin-transform-es2015-literals@6.8.0
43 silly idealTree ├── babel-plugin-transform-es2015-modules-amd@6.18.0
43 silly idealTree ├── babel-plugin-transform-es2015-modules-commonjs@6.18.0
43 silly idealTree ├── babel-plugin-transform-es2015-modules-systemjs@6.19.0
43 silly idealTree ├── babel-plugin-transform-es2015-modules-umd@6.18.0
43 silly idealTree ├── babel-plugin-transform-es2015-object-super@6.8.0
43 silly idealTree ├── babel-plugin-transform-es2015-parameters@6.21.0
43 silly idealTree ├── babel-plugin-transform-es2015-shorthand-properties@6.18.0
43 silly idealTree ├── babel-plugin-transform-es2015-spread@6.8.0
43 silly idealTree ├── babel-plugin-transform-es2015-sticky-regex@6.8.0
43 silly idealTree ├── babel-plugin-transform-es2015-template-literals@6.8.0
43 silly idealTree ├── babel-plugin-transform-es2015-typeof-symbol@6.18.0
43 silly idealTree ├── babel-plugin-transform-es2015-unicode-regex@6.11.0
43 silly idealTree ├── babel-plugin-transform-regenerator@6.21.0
43 silly idealTree ├── babel-plugin-transform-strict-mode@6.18.0
43 silly idealTree ├── babel-preset-es2015@6.18.0
43 silly idealTree ├── babel-register@6.18.0
43 silly idealTree ├── babel-runtime@6.20.0
43 silly idealTree ├── babel-template@6.16.0
43 silly idealTree ├── babel-traverse@6.21.0
43 silly idealTree ├── babel-types@6.21.0
43 silly idealTree ├── babylon@6.15.0
43 silly idealTree ├── backo2@1.0.2
43 silly idealTree ├── balanced-match@0.4.2
43 silly idealTree ├── base64-arraybuffer@0.1.5
43 silly idealTree ├── base64id@0.1.0
43 silly idealTree ├── batch@0.5.3
43 silly idealTree ├── bcrypt-pbkdf@1.0.0
43 silly idealTree ├── beeper@1.1.1
43 silly idealTree ├── better-assert@1.0.2
43 silly idealTree ├── bin-build@2.2.0
43 silly idealTree ├── bin-check@2.0.0
43 silly idealTree ├─┬ bin-version-check@2.1.0
43 silly idealTree │ ├── minimist@1.2.0
43 silly idealTree │ └── semver@4.3.6
43 silly idealTree ├── bin-version@1.0.4
43 silly idealTree ├── bin-wrapper@3.0.2
43 silly idealTree ├── binary-extensions@1.8.0
43 silly idealTree ├── bl@1.2.0
43 silly idealTree ├── blob@0.0.4
43 silly idealTree ├── block-stream@0.0.9
43 silly idealTree ├── bluebird@3.4.7
43 silly idealTree ├── boom@2.10.1
43 silly idealTree ├── bower-config@1.4.0
43 silly idealTree ├── brace-expansion@1.1.6
43 silly idealTree ├── braces@1.8.5
43 silly idealTree ├── browser-sync-client@2.4.4
43 silly idealTree ├── browser-sync-ui@0.6.2
43 silly idealTree ├── browser-sync@2.18.6
43 silly idealTree ├── browserslist@1.5.2
43 silly idealTree ├── bs-recipes@1.3.4
43 silly idealTree ├─┬ buble@0.12.5
43 silly idealTree │ └── minimist@1.2.0
43 silly idealTree ├── bubleify@0.5.1
43 silly idealTree ├── buffer-crc32@0.2.13
43 silly idealTree ├── buffer-shims@1.0.0
43 silly idealTree ├─┬ buffer-to-vinyl@1.1.0
43 silly idealTree │ └── vinyl@1.2.0
43 silly idealTree ├── bufferstreams@1.1.1
43 silly idealTree ├── builtin-modules@1.1.1
43 silly idealTree ├── cache-swap@0.2.3
43 silly idealTree ├── caller-path@0.1.0
43 silly idealTree ├── callsite@1.0.0
43 silly idealTree ├── callsites@0.2.0
43 silly idealTree ├── camel-case@3.0.0
43 silly idealTree ├─┬ camelcase-keys@2.1.0
43 silly idealTree │ └── camelcase@2.1.1
43 silly idealTree ├── camelcase@1.2.1
43 silly idealTree ├── caniuse-api@1.5.2
43 silly idealTree ├── caniuse-db@1.0.30000613
43 silly idealTree ├── capture-stack-trace@1.0.0
43 silly idealTree ├── caseless@0.11.0
43 silly idealTree ├─┬ caw@1.2.0
43 silly idealTree │ └── object-assign@3.0.0
43 silly idealTree ├── center-align@0.1.3
43 silly idealTree ├── chalk@1.1.3
43 silly idealTree ├── chokidar@1.6.1
43 silly idealTree ├── circular-json@0.3.1
43 silly idealTree ├── clap@1.1.2
43 silly idealTree ├─┬ clean-css@3.4.23
43 silly idealTree │ ├── commander@2.8.1
43 silly idealTree │ └── source-map@0.4.4
43 silly idealTree ├── cli-cursor@1.0.2
43 silly idealTree ├── cli-width@2.1.0
43 silly idealTree ├── cliui@3.2.0
43 silly idealTree ├── clone-buffer@1.0.0
43 silly idealTree ├── clone-stats@0.0.1
43 silly idealTree ├── clone@1.0.2
43 silly idealTree ├── cloneable-readable@1.0.0
43 silly idealTree ├── co@4.6.0
43 silly idealTree ├── coa@1.0.1
43 silly idealTree ├── code-point-at@1.1.0
43 silly idealTree ├── color-convert@1.9.0
43 silly idealTree ├── color-name@1.1.1
43 silly idealTree ├── color-string@0.3.0
43 silly idealTree ├── color@0.11.4
43 silly idealTree ├── colormin@1.1.2
43 silly idealTree ├── colors@1.1.2
43 silly idealTree ├── combined-stream@1.0.5
43 silly idealTree ├── commander@2.9.0
43 silly idealTree ├── component-bind@1.0.0
43 silly idealTree ├── component-emitter@1.1.2
43 silly idealTree ├── component-inherit@0.0.3
43 silly idealTree ├── concat-map@0.0.1
43 silly idealTree ├── concat-stream@1.6.0
43 silly idealTree ├── concat-with-sourcemaps@1.0.4
43 silly idealTree ├── connect-history-api-fallback@1.3.0
43 silly idealTree ├─┬ connect@3.5.0
43 silly idealTree │ ├── debug@2.2.0
43 silly idealTree │ └── ms@0.7.1
43 silly idealTree ├── console-control-strings@1.1.0
43 silly idealTree ├── console-stream@0.1.1
43 silly idealTree ├── convert-source-map@1.3.0
43 silly idealTree ├── cookie@0.3.1
43 silly idealTree ├── core-js@2.4.1
43 silly idealTree ├── core-util-is@1.0.2
43 silly idealTree ├── create-error-class@3.0.2
43 silly idealTree ├─┬ cross-spawn@4.0.2
43 silly idealTree │ └── lru-cache@4.0.2
43 silly idealTree ├── cryptiles@2.0.5
43 silly idealTree ├── css-color-names@0.0.4
43 silly idealTree ├─┬ css@2.2.1
43 silly idealTree │ └── source-map@0.1.43
43 silly idealTree ├── cssnano@3.10.0
43 silly idealTree ├── csso@2.2.1
43 silly idealTree ├── currently-unhandled@0.4.1
43 silly idealTree ├── d@0.1.1
43 silly idealTree ├─┬ dashdash@1.14.1
43 silly idealTree │ └── assert-plus@1.0.0
43 silly idealTree ├── dateformat@2.0.0
43 silly idealTree ├─┬ debug-fabulous@0.0.4
43 silly idealTree │ └── object-assign@4.1.0
43 silly idealTree ├── debug@2.6.0
43 silly idealTree ├── decamelize@1.2.0
43 silly idealTree ├─┬ decompress-tar@3.1.0
43 silly idealTree │ ├── clone@0.2.0
43 silly idealTree │ ├── isarray@0.0.1
43 silly idealTree │ ├── object-assign@2.1.1
43 silly idealTree │ ├── readable-stream@1.0.34
43 silly idealTree │ ├── through2@0.6.5
43 silly idealTree │ └── vinyl@0.4.6
43 silly idealTree ├─┬ decompress-tarbz2@3.1.0
43 silly idealTree │ ├── clone@0.2.0
43 silly idealTree │ ├── isarray@0.0.1
43 silly idealTree │ ├── object-assign@2.1.1
43 silly idealTree │ ├── readable-stream@1.0.34
43 silly idealTree │ ├── through2@0.6.5
43 silly idealTree │ └── vinyl@0.4.6
43 silly idealTree ├─┬ decompress-targz@3.1.0
43 silly idealTree │ ├── clone@0.2.0
43 silly idealTree │ ├── isarray@0.0.1
43 silly idealTree │ ├── object-assign@2.1.1
43 silly idealTree │ ├── readable-stream@1.0.34
43 silly idealTree │ ├── through2@0.6.5
43 silly idealTree │ └── vinyl@0.4.6
43 silly idealTree ├─┬ decompress-unzip@3.4.0
43 silly idealTree │ └── vinyl@1.2.0
43 silly idealTree ├─┬ decompress@3.0.0
43 silly idealTree │ ├── glob-parent@3.1.0
43 silly idealTree │ ├─┬ glob-stream@5.3.5
43 silly idealTree │ │ ├── readable-stream@1.0.34
43 silly idealTree │ │ └── through2@0.6.5
43 silly idealTree │ ├── glob@5.0.15
43 silly idealTree │ ├── gulp-sourcemaps@1.6.0
43 silly idealTree │ ├── is-extglob@2.1.1
43 silly idealTree │ ├── is-glob@3.1.0
43 silly idealTree │ ├── isarray@0.0.1
43 silly idealTree │ ├── ordered-read-streams@0.3.0
43 silly idealTree │ ├── unique-stream@2.2.1
43 silly idealTree │ ├── vinyl-fs@2.4.4
43 silly idealTree │ └── vinyl@1.2.0
43 silly idealTree ├── deep-extend@0.4.1
43 silly idealTree ├── deep-is@0.1.3
43 silly idealTree ├── defaults@1.0.3
43 silly idealTree ├── defined@1.0.0
43 silly idealTree ├── del@2.2.2
43 silly idealTree ├── delayed-stream@1.0.0
43 silly idealTree ├── delegates@1.0.0
43 silly idealTree ├── depd@1.1.0
43 silly idealTree ├── deprecated@0.0.1
43 silly idealTree ├── destroy@1.0.4
43 silly idealTree ├── detect-file@0.1.0
43 silly idealTree ├── detect-indent@4.0.0
43 silly idealTree ├── detect-newline@2.1.0
43 silly idealTree ├── dev-ip@1.0.1
43 silly idealTree ├── doctrine@1.5.0
43 silly idealTree ├─┬ download@4.4.3
43 silly idealTree │ ├── glob-parent@3.1.0
43 silly idealTree │ ├─┬ glob-stream@5.3.5
43 silly idealTree │ │ ├── readable-stream@1.0.34
43 silly idealTree │ │ └── through2@0.6.5
43 silly idealTree │ ├── glob@5.0.15
43 silly idealTree │ ├── gulp-sourcemaps@1.6.0
43 silly idealTree │ ├── is-extglob@2.1.1
43 silly idealTree │ ├── is-glob@3.1.0
43 silly idealTree │ ├── isarray@0.0.1
43 silly idealTree │ ├── ordered-read-streams@0.3.0
43 silly idealTree │ ├── unique-stream@2.2.1
43 silly idealTree │ ├── vinyl-fs@2.4.4
43 silly idealTree │ └── vinyl@1.2.0
43 silly idealTree ├── duplexer@0.1.1
43 silly idealTree ├─┬ duplexer2@0.0.2
43 silly idealTree │ ├── isarray@0.0.1
43 silly idealTree │ └── readable-stream@1.1.14
43 silly idealTree ├─┬ duplexify@3.5.0
43 silly idealTree │ ├── end-of-stream@1.0.0
43 silly idealTree │ └── once@1.3.3
43 silly idealTree ├── each-async@1.1.1
43 silly idealTree ├─┬ easy-extender@2.3.2
43 silly idealTree │ └── lodash@3.10.1
43 silly idealTree ├── eazy-logger@3.0.2
43 silly idealTree ├── ecc-jsbn@0.1.1
43 silly idealTree ├── ee-first@1.1.1
43 silly idealTree ├── emitter-steward@1.0.0
43 silly idealTree ├── encodeurl@1.0.1
43 silly idealTree ├─┬ end-of-stream@0.1.5
43 silly idealTree │ └── once@1.3.3
43 silly idealTree ├─┬ engine.io-client@1.8.0
43 silly idealTree │ ├── component-emitter@1.2.1
43 silly idealTree │ └── debug@2.3.3
43 silly idealTree ├─┬ engine.io-parser@1.3.1
43 silly idealTree │ ├── has-binary@0.1.6
43 silly idealTree │ └── isarray@0.0.1
43 silly idealTree ├─┬ engine.io@1.8.0
43 silly idealTree │ └── debug@2.3.3
43 silly idealTree ├── error-ex@1.3.0
43 silly idealTree ├── es5-ext@0.10.12
43 silly idealTree ├── es6-iterator@2.0.0
43 silly idealTree ├── es6-map@0.1.4
43 silly idealTree ├── es6-set@0.1.4
43 silly idealTree ├── es6-symbol@3.1.0
43 silly idealTree ├── es6-weak-map@2.0.1
43 silly idealTree ├── escape-html@1.0.3
43 silly idealTree ├── escape-string-regexp@1.0.5
43 silly idealTree ├── escope@3.6.0
43 silly idealTree ├─┬ eslint@3.13.1
43 silly idealTree │ ├── strip-bom@3.0.0
43 silly idealTree │ └── user-home@2.0.0
43 silly idealTree ├─┬ espree@3.3.2
43 silly idealTree │ └── acorn@4.0.4
43 silly idealTree ├── esprima@2.7.3
43 silly idealTree ├─┬ esrecurse@4.1.0
43 silly idealTree │ └── estraverse@4.1.1
43 silly idealTree ├── estraverse@4.2.0
43 silly idealTree ├── esutils@2.0.2
43 silly idealTree ├── etag@1.7.0
43 silly idealTree ├── event-emitter@0.3.4
43 silly idealTree ├── event-stream@3.3.4
43 silly idealTree ├── eventemitter3@1.2.0
43 silly idealTree ├── exec-buffer@3.1.0
43 silly idealTree ├─┬ exec-series@1.0.3
43 silly idealTree │ └── async-each-series@1.1.0
43 silly idealTree ├── execa@0.5.1
43 silly idealTree ├── executable@1.1.0
43 silly idealTree ├── exit-hook@1.1.1
43 silly idealTree ├── expand-brackets@0.1.5
43 silly idealTree ├── expand-range@1.8.2
43 silly idealTree ├── expand-tilde@1.2.2
43 silly idealTree ├─┬ express@2.5.11
43 silly idealTree │ ├── connect@1.9.2
43 silly idealTree │ ├── mkdirp@0.3.0
43 silly idealTree │ └── qs@0.4.2
43 silly idealTree ├── extend-shallow@2.0.1
43 silly idealTree ├── extend@3.0.0
43 silly idealTree ├── extglob@0.3.2
43 silly idealTree ├── extsprintf@1.0.2
43 silly idealTree ├── fancy-log@1.3.0
43 silly idealTree ├── fast-levenshtein@2.0.6
43 silly idealTree ├── fd-slicer@1.0.1
43 silly idealTree ├── figures@1.7.0
43 silly idealTree ├── file-entry-cache@2.0.0
43 silly idealTree ├── file-type@3.9.0
43 silly idealTree ├── filename-regex@2.0.0
43 silly idealTree ├── filename-reserved-regex@1.0.0
43 silly idealTree ├── filenamify@1.2.1
43 silly idealTree ├── fill-range@2.2.3
43 silly idealTree ├─┬ finalhandler@0.5.0
43 silly idealTree │ ├── debug@2.2.0
43 silly idealTree │ └── ms@0.7.1
43 silly idealTree ├── find-index@0.1.1
43 silly idealTree ├── find-up@1.1.2
43 silly idealTree ├── find-versions@1.2.1
43 silly idealTree ├── findup-sync@0.4.3
43 silly idealTree ├── fined@1.0.2
43 silly idealTree ├── first-chunk-stream@1.0.0
43 silly idealTree ├── flagged-respawn@0.3.2
43 silly idealTree ├── flat-cache@1.2.2
43 silly idealTree ├── flatten@1.0.2
43 silly idealTree ├── for-in@0.1.6
43 silly idealTree ├── for-own@0.1.4
43 silly idealTree ├── forever-agent@0.6.1
43 silly idealTree ├── fork-stream@0.0.4
43 silly idealTree ├── form-data@2.1.2
43 silly idealTree ├── formidable@1.0.17
43 silly idealTree ├── fresh@0.3.0
43 silly idealTree ├── from@0.1.3
43 silly idealTree ├── fs-exists-sync@0.1.0
43 silly idealTree ├── fs-extra@1.0.0
43 silly idealTree ├── fs.realpath@1.0.0
43 silly idealTree ├── fstream@1.0.10
43 silly idealTree ├── function-bind@1.1.0
43 silly idealTree ├─┬ gauge@2.7.2
43 silly idealTree │ └── supports-color@0.2.0
43 silly idealTree ├── gaze@0.5.2
43 silly idealTree ├── generate-function@2.0.0
43 silly idealTree ├── generate-object-property@1.2.0
43 silly idealTree ├── get-caller-file@1.0.2
43 silly idealTree ├── get-proxy@1.1.0
43 silly idealTree ├── get-stdin@4.0.1
43 silly idealTree ├── get-stream@2.3.1
43 silly idealTree ├─┬ getpass@0.1.6
43 silly idealTree │ └── assert-plus@1.0.0
43 silly idealTree ├── gifsicle@3.0.4
43 silly idealTree ├── glob-base@0.3.0
43 silly idealTree ├── glob-parent@2.0.0
43 silly idealTree ├─┬ glob-stream@3.1.18
43 silly idealTree │ ├── glob@4.5.3
43 silly idealTree │ ├── isarray@0.0.1
43 silly idealTree │ ├── minimatch@2.0.10
43 silly idealTree │ ├── readable-stream@1.0.34
43 silly idealTree │ └── through2@0.6.5
43 silly idealTree ├── glob-watcher@0.0.6
43 silly idealTree ├── glob@7.1.1
43 silly idealTree ├── glob2base@0.0.12
43 silly idealTree ├── global-modules@0.2.3
43 silly idealTree ├── global-prefix@0.1.5
43 silly idealTree ├── globals@9.14.0
43 silly idealTree ├── globby@5.0.0
43 silly idealTree ├─┬ globule@0.1.0
43 silly idealTree │ ├── glob@3.1.21
43 silly idealTree │ ├── graceful-fs@1.2.3
43 silly idealTree │ ├── inherits@1.0.2
43 silly idealTree │ ├── lodash@1.0.2
43 silly idealTree │ └── minimatch@0.2.14
43 silly idealTree ├── glogg@1.0.0
43 silly idealTree ├─┬ got@5.7.1
43 silly idealTree │ └── duplexer2@0.1.4
43 silly idealTree ├── graceful-fs@4.1.11
43 silly idealTree ├── graceful-readlink@1.0.1
43 silly idealTree ├── gulp-autoprefixer@3.1.1
43 silly idealTree ├── gulp-babel@6.1.2
43 silly idealTree ├─┬ gulp-cache@0.4.5
43 silly idealTree │ └── vinyl@1.2.0
43 silly idealTree ├─┬ gulp-concat@2.6.1
43 silly idealTree │ ├── clone-stats@1.0.0
43 silly idealTree │ ├── replace-ext@1.0.0
43 silly idealTree │ └── vinyl@2.0.1
43 silly idealTree ├── gulp-cssnano@2.1.2
43 silly idealTree ├── gulp-decompress@1.2.0
43 silly idealTree ├── gulp-eslint@3.0.1
43 silly idealTree ├── gulp-filter@4.0.0
43 silly idealTree ├── gulp-htmlmin@3.0.0
43 silly idealTree ├── gulp-if@2.0.2
43 silly idealTree ├── gulp-imagemin@3.1.1
43 silly idealTree ├── gulp-load-plugins@1.4.0
43 silly idealTree ├── gulp-match@1.0.3
43 silly idealTree ├── gulp-plumber@1.1.0
43 silly idealTree ├── gulp-rename@1.2.2
43 silly idealTree ├── gulp-sass@2.3.2
43 silly idealTree ├─┬ gulp-size@2.1.0
43 silly idealTree │ └── pretty-bytes@3.0.1
43 silly idealTree ├─┬ gulp-sourcemaps@2.4.0
43 silly idealTree │ ├── acorn@4.0.4
43 silly idealTree │ ├── strip-bom@3.0.0
43 silly idealTree │ └── vinyl@1.2.0
43 silly idealTree ├─┬ gulp-uglify@2.0.0
43 silly idealTree │ ├── async@0.2.10
43 silly idealTree │ ├── cliui@2.1.0
43 silly idealTree │ ├── uglify-js@2.7.0
43 silly idealTree │ ├── window-size@0.1.0
43 silly idealTree │ ├── wordwrap@0.0.2
43 silly idealTree │ └── yargs@3.10.0
43 silly idealTree ├─┬ gulp-useref@3.1.2
43 silly idealTree │ ├── glob-parent@3.1.0
43 silly idealTree │ ├─┬ glob-stream@5.3.5
43 silly idealTree │ │ ├── glob@5.0.15
43 silly idealTree │ │ ├── readable-stream@1.0.34
43 silly idealTree │ │ └── through2@0.6.5
43 silly idealTree │ ├── gulp-sourcemaps@1.6.0
43 silly idealTree │ ├── is-extglob@2.1.1
43 silly idealTree │ ├── is-glob@3.1.0
43 silly idealTree │ ├── isarray@0.0.1
43 silly idealTree │ ├── ordered-read-streams@0.3.0
43 silly idealTree │ ├── unique-stream@2.2.1
43 silly idealTree │ ├── vinyl-fs@2.4.4
43 silly idealTree │ └── vinyl@1.2.0
43 silly idealTree ├─┬ gulp-util@3.0.8
43 silly idealTree │ ├── minimist@1.2.0
43 silly idealTree │ └── object-assign@3.0.0
43 silly idealTree ├─┬ gulp@3.9.1
43 silly idealTree │ ├── minimist@1.2.0
43 silly idealTree │ └── semver@4.3.6
43 silly idealTree ├── gulplog@1.0.0
43 silly idealTree ├── gzip-size@3.0.0
43 silly idealTree ├── har-validator@2.0.6
43 silly idealTree ├── has-ansi@2.0.0
43 silly idealTree ├─┬ has-binary@0.1.7
43 silly idealTree │ └── isarray@0.0.1
43 silly idealTree ├── has-cors@1.1.0
43 silly idealTree ├── has-flag@1.0.0
43 silly idealTree ├── has-gulplog@0.1.0
43 silly idealTree ├── has-unicode@2.0.1
43 silly idealTree ├── has@1.0.1
43 silly idealTree ├── hawk@3.1.3
43 silly idealTree ├── he@1.1.0
43 silly idealTree ├── hoek@2.16.3
43 silly idealTree ├── home-or-tmp@2.0.0
43 silly idealTree ├── homedir-polyfill@1.0.1
43 silly idealTree ├── hosted-git-info@2.1.5
43 silly idealTree ├── html-comment-regex@1.1.1
43 silly idealTree ├── html-minifier@3.2.3
43 silly idealTree ├── http-errors@1.5.1
43 silly idealTree ├── http-proxy@1.15.2
43 silly idealTree ├── http-signature@1.1.1
43 silly idealTree ├── ignore@3.2.0
43 silly idealTree ├── imagemin-gifsicle@5.1.0
43 silly idealTree ├── imagemin-jpegtran@5.0.2
43 silly idealTree ├── imagemin-optipng@5.2.1
43 silly idealTree ├── imagemin-svgo@5.2.0
43 silly idealTree ├── imagemin@5.2.2
43 silly idealTree ├── immutable@3.8.1
43 silly idealTree ├── imurmurhash@0.1.4
43 silly idealTree ├── in-publish@2.0.0
43 silly idealTree ├── indent-string@2.1.0
43 silly idealTree ├── indexes-of@1.0.1
43 silly idealTree ├── indexof@0.0.1
43 silly idealTree ├── inflight@1.0.6
43 silly idealTree ├── inherits@2.0.3
43 silly idealTree ├── ini@1.3.4
43 silly idealTree ├── inquirer@0.12.0
43 silly idealTree ├── interpret@1.0.1
43 silly idealTree ├── invariant@2.2.2
43 silly idealTree ├── invert-kv@1.0.0
43 silly idealTree ├── ip-regex@1.0.3
43 silly idealTree ├── irregular-plurals@1.2.0
43 silly idealTree ├── is-absolute-url@2.1.0
43 silly idealTree ├── is-absolute@0.2.6
43 silly idealTree ├── is-arrayish@0.2.1
43 silly idealTree ├── is-binary-path@1.0.1
43 silly idealTree ├── is-buffer@1.1.4
43 silly idealTree ├── is-builtin-module@1.0.0
43 silly idealTree ├── is-bzip2@1.0.0
43 silly idealTree ├── is-dotfile@1.0.2
43 silly idealTree ├── is-equal-shallow@0.1.3
43 silly idealTree ├── is-extendable@0.1.1
43 silly idealTree ├── is-extglob@1.0.0
43 silly idealTree ├── is-finite@1.0.2
43 silly idealTree ├── is-fullwidth-code-point@1.0.0
43 silly idealTree ├── is-gif@1.0.0
43 silly idealTree ├── is-glob@2.0.1
43 silly idealTree ├── is-gzip@1.0.0
43 silly idealTree ├── is-jpg@1.0.0
43 silly idealTree ├── is-my-json-valid@2.15.0
43 silly idealTree ├── is-natural-number@2.1.1
43 silly idealTree ├── is-number-like@1.0.7
43 silly idealTree ├── is-number@2.1.0
43 silly idealTree ├── is-obj@1.0.1
43 silly idealTree ├── is-path-cwd@1.0.0
43 silly idealTree ├── is-path-in-cwd@1.0.0
43 silly idealTree ├── is-path-inside@1.0.0
43 silly idealTree ├── is-plain-obj@1.1.0
43 silly idealTree ├── is-png@1.0.0
43 silly idealTree ├── is-posix-bracket@0.1.1
43 silly idealTree ├── is-primitive@2.0.0
43 silly idealTree ├── is-property@1.0.2
43 silly idealTree ├── is-redirect@1.0.0
43 silly idealTree ├─┬ is-relative-url@1.0.0
43 silly idealTree │ └── is-absolute-url@1.0.0
43 silly idealTree ├── is-relative@0.2.1
43 silly idealTree ├── is-resolvable@1.0.0
43 silly idealTree ├── is-retry-allowed@1.1.0
43 silly idealTree ├── is-stream@1.1.0
43 silly idealTree ├── is-svg@2.1.0
43 silly idealTree ├── is-tar@1.0.0
43 silly idealTree ├── is-typedarray@1.0.0
43 silly idealTree ├── is-unc-path@0.1.2
43 silly idealTree ├── is-url@1.2.2
43 silly idealTree ├── is-utf8@0.2.1
43 silly idealTree ├── is-valid-glob@0.3.0
43 silly idealTree ├── is-windows@0.2.0
43 silly idealTree ├── is-zip@1.0.0
43 silly idealTree ├── isarray@1.0.0
43 silly idealTree ├── isexe@1.1.2
43 silly idealTree ├── isobject@2.1.0
43 silly idealTree ├── isstream@0.1.2
43 silly idealTree ├── jodid25519@1.0.2
43 silly idealTree ├── jpegtran-bin@3.2.0
43 silly idealTree ├── js-base64@2.1.9
43 silly idealTree ├── js-tokens@2.0.0
43 silly idealTree ├── js-yaml@3.6.1
43 silly idealTree ├── jsbn@0.1.0
43 silly idealTree ├── jsesc@1.3.0
43 silly idealTree ├── json-schema@0.2.3
43 silly idealTree ├── json-stable-stringify@1.0.1
43 silly idealTree ├── json-stringify-safe@5.0.1
43 silly idealTree ├── json3@3.3.2
43 silly idealTree ├── json5@0.5.1
43 silly idealTree ├── jsonfile@2.4.0
43 silly idealTree ├── jsonify@0.0.0
43 silly idealTree ├── jsonpointer@4.0.1
43 silly idealTree ├── jsprim@1.3.1
43 silly idealTree ├── kind-of@3.1.0
43 silly idealTree ├── klaw@1.3.1
43 silly idealTree ├── lazy-cache@1.0.4
43 silly idealTree ├── lazy-debug-legacy@0.0.1
43 silly idealTree ├── lazy-req@1.1.0
43 silly idealTree ├── lazystream@1.0.0
43 silly idealTree ├── lcid@1.0.0
43 silly idealTree ├── levn@0.3.0
43 silly idealTree ├── liftoff@2.3.0
43 silly idealTree ├── limiter@1.1.0
43 silly idealTree ├── load-json-file@1.1.0
43 silly idealTree ├─┬ localtunnel@1.8.2
43 silly idealTree │ ├── debug@2.2.0
43 silly idealTree │ ├── ms@0.7.1
43 silly idealTree │ └── yargs@3.29.0
43 silly idealTree ├── lodash._basecopy@3.0.1
43 silly idealTree ├── lodash._basetostring@3.0.1
43 silly idealTree ├── lodash._basevalues@3.0.0
43 silly idealTree ├── lodash._getnative@3.9.1
43 silly idealTree ├── lodash._isiterateecall@3.0.9
43 silly idealTree ├── lodash._reescape@3.0.0
43 silly idealTree ├── lodash._reevaluate@3.0.0
43 silly idealTree ├── lodash._reinterpolate@3.0.0
43 silly idealTree ├── lodash._root@3.0.1
43 silly idealTree ├── lodash.assign@4.2.0
43 silly idealTree ├── lodash.assignwith@4.2.0
43 silly idealTree ├── lodash.clonedeep@4.5.0
43 silly idealTree ├── lodash.escape@3.2.0
43 silly idealTree ├── lodash.indexof@4.0.5
43 silly idealTree ├── lodash.isarguments@3.1.0
43 silly idealTree ├── lodash.isarray@3.0.4
43 silly idealTree ├── lodash.isempty@4.4.0
43 silly idealTree ├── lodash.isequal@4.5.0
43 silly idealTree ├── lodash.isfinite@3.3.2
43 silly idealTree ├── lodash.isplainobject@4.0.6
43 silly idealTree ├── lodash.isstring@4.0.1
43 silly idealTree ├── lodash.keys@3.1.2
43 silly idealTree ├── lodash.mapvalues@4.6.0
43 silly idealTree ├── lodash.memoize@4.1.2
43 silly idealTree ├── lodash.pick@4.4.0
43 silly idealTree ├── lodash.restparam@3.6.1
43 silly idealTree ├── lodash.template@3.6.2
43 silly idealTree ├── lodash.templatesettings@3.1.1
43 silly idealTree ├── lodash.uniq@4.5.0
43 silly idealTree ├── lodash@4.17.4
43 silly idealTree ├── logalot@2.1.0
43 silly idealTree ├── longest@1.0.1
43 silly idealTree ├─┬ loose-envify@1.3.1
43 silly idealTree │ └── js-tokens@3.0.0
43 silly idealTree ├── loud-rejection@1.6.0
43 silly idealTree ├── lower-case@1.1.3
43 silly idealTree ├── lowercase-keys@1.0.0
43 silly idealTree ├── lpad-align@1.1.0
43 silly idealTree ├── lpad@2.0.1
43 silly idealTree ├── lru-cache@2.7.3
43 silly idealTree ├── macaddress@0.2.8
43 silly idealTree ├── magic-string@0.14.0
43 silly idealTree ├─┬ main-bower-files@2.13.1
43 silly idealTree │ ├── extend@2.0.1
43 silly idealTree │ ├── glob-parent@3.1.0
43 silly idealTree │ ├─┬ glob-stream@5.3.5
43 silly idealTree │ │ ├── extend@3.0.0
43 silly idealTree │ │ ├── readable-stream@1.0.34
43 silly idealTree │ │ └── through2@0.6.5
43 silly idealTree │ ├── glob@5.0.15
43 silly idealTree │ ├── globby@2.1.0
43 silly idealTree │ ├── gulp-sourcemaps@1.6.0
43 silly idealTree │ ├── is-extglob@2.1.1
43 silly idealTree │ ├── is-glob@3.1.0
43 silly idealTree │ ├── isarray@0.0.1
43 silly idealTree │ ├── object-assign@3.0.0
43 silly idealTree │ ├── ordered-read-streams@0.3.0
43 silly idealTree │ ├── path-exists@1.0.0
43 silly idealTree │ ├── strip-json-comments@1.0.4
43 silly idealTree │ ├── unique-stream@2.2.1
43 silly idealTree │ ├─┬ vinyl-fs@2.4.4
43 silly idealTree │ │ └── object-assign@4.1.1
43 silly idealTree │ └── vinyl@1.2.0
43 silly idealTree ├── make-error-cause@1.2.2
43 silly idealTree ├── make-error@1.2.1
43 silly idealTree ├── map-cache@0.2.2
43 silly idealTree ├── map-obj@1.0.1
43 silly idealTree ├── map-stream@0.1.0
43 silly idealTree ├── math-expression-evaluator@1.2.14
43 silly idealTree ├─┬ meow@3.7.0
43 silly idealTree │ └── minimist@1.2.0
43 silly idealTree ├── merge-stream@1.0.1
43 silly idealTree ├── micromatch@2.3.11
43 silly idealTree ├── mime-db@1.26.0
43 silly idealTree ├── mime-types@2.1.14
43 silly idealTree ├── mime@1.2.4
43 silly idealTree ├── minimatch@3.0.3
43 silly idealTree ├── minimist@0.0.8
43 silly idealTree ├── mkdirp@0.5.1
43 silly idealTree ├── mout@1.0.0
43 silly idealTree ├── ms@0.7.2
43 silly idealTree ├── multimatch@2.1.0
43 silly idealTree ├── multipipe@0.1.2
43 silly idealTree ├── mute-stream@0.0.5
43 silly idealTree ├── nan@2.5.0
43 silly idealTree ├── natives@1.1.0
43 silly idealTree ├── natural-compare@1.4.0
43 silly idealTree ├── ncname@1.0.0
43 silly idealTree ├── negotiator@0.6.1
43 silly idealTree ├── no-case@2.3.1
43 silly idealTree ├── node-gyp@3.5.0
43 silly idealTree ├─┬ node-sass@3.13.1
43 silly idealTree │ ├── cross-spawn@3.0.1
43 silly idealTree │ ├── gaze@1.1.2
43 silly idealTree │ ├── globule@1.1.0
43 silly idealTree │ ├── lodash@4.16.6
43 silly idealTree │ └── lru-cache@4.0.2
43 silly idealTree ├── node-status-codes@1.0.0
43 silly idealTree ├── node-uuid@1.4.7
43 silly idealTree ├── nopt@3.0.6
43 silly idealTree ├── normalize-package-data@2.3.5
43 silly idealTree ├── normalize-path@2.0.1
43 silly idealTree ├── normalize-range@0.1.2
43 silly idealTree ├── normalize-url@1.9.0
43 silly idealTree ├── npm-run-path@2.0.2
43 silly idealTree ├── npmlog@4.0.2
43 silly idealTree ├── num2fraction@1.2.2
43 silly idealTree ├── number-is-nan@1.0.1
43 silly idealTree ├── oauth-sign@0.8.2
43 silly idealTree ├── object-assign@4.1.1
43 silly idealTree ├── object-component@0.0.3
43 silly idealTree ├── object-path@0.9.2
43 silly idealTree ├── object.omit@2.0.1
43 silly idealTree ├── object.pick@1.2.0
43 silly idealTree ├── on-finished@2.3.0
43 silly idealTree ├── once@1.4.0
43 silly idealTree ├── onetime@1.1.0
43 silly idealTree ├── openurl@1.1.0
43 silly idealTree ├── opn@4.0.2
43 silly idealTree ├─┬ optimist@0.6.1
43 silly idealTree │ └── wordwrap@0.0.3
43 silly idealTree ├── optionator@0.8.2
43 silly idealTree ├── options@0.0.6
43 silly idealTree ├── optipng-bin@3.1.2
43 silly idealTree ├── orchestrator@0.3.8
43 silly idealTree ├── ordered-read-streams@0.1.0
43 silly idealTree ├── os-filter-obj@1.0.3
43 silly idealTree ├── os-homedir@1.0.2
43 silly idealTree ├── os-locale@1.4.0
43 silly idealTree ├── os-tmpdir@1.0.2
43 silly idealTree ├── osenv@0.1.4
43 silly idealTree ├── p-finally@1.0.0
43 silly idealTree ├── param-case@2.1.0
43 silly idealTree ├── parse-filepath@1.0.1
43 silly idealTree ├── parse-glob@3.0.4
43 silly idealTree ├── parse-json@2.2.0
43 silly idealTree ├── parse-passwd@1.0.0
43 silly idealTree ├── parsejson@0.0.3
43 silly idealTree ├── parseqs@0.0.5
43 silly idealTree ├── parseuri@0.0.5
43 silly idealTree ├── parseurl@1.3.1
43 silly idealTree ├── path-dirname@1.0.2
43 silly idealTree ├── path-exists@2.1.0
43 silly idealTree ├── path-is-absolute@1.0.1
43 silly idealTree ├── path-is-inside@1.0.2
43 silly idealTree ├── path-key@2.0.1
43 silly idealTree ├── path-root-regex@0.1.2
43 silly idealTree ├── path-root@0.1.1
43 silly idealTree ├── path-type@1.1.0
43 silly idealTree ├── pause-stream@0.0.11
43 silly idealTree ├── pend@1.2.0
43 silly idealTree ├── pify@2.3.0
43 silly idealTree ├── pinkie-promise@2.0.1
43 silly idealTree ├── pinkie@2.0.4
43 silly idealTree ├── plur@2.1.2
43 silly idealTree ├── pluralize@1.2.1
43 silly idealTree ├── portscanner@2.1.1
43 silly idealTree ├── postcss-calc@5.3.1
43 silly idealTree ├── postcss-colormin@2.2.1
43 silly idealTree ├── postcss-convert-values@2.6.0
43 silly idealTree ├── postcss-discard-comments@2.0.4
43 silly idealTree ├── postcss-discard-duplicates@2.0.2
43 silly idealTree ├── postcss-discard-empty@2.1.0
43 silly idealTree ├── postcss-discard-overridden@0.1.1
43 silly idealTree ├── postcss-discard-unused@2.2.3
43 silly idealTree ├── postcss-filter-plugins@2.0.2
43 silly idealTree ├── postcss-merge-idents@2.1.7
43 silly idealTree ├── postcss-merge-longhand@2.0.2
43 silly idealTree ├── postcss-merge-rules@2.1.1
43 silly idealTree ├── postcss-message-helpers@2.0.0
43 silly idealTree ├── postcss-minify-font-values@1.0.5
43 silly idealTree ├── postcss-minify-gradients@1.0.5
43 silly idealTree ├── postcss-minify-params@1.2.2
43 silly idealTree ├── postcss-minify-selectors@2.1.1
43 silly idealTree ├── postcss-normalize-charset@1.1.1
43 silly idealTree ├── postcss-normalize-url@3.0.8
43 silly idealTree ├── postcss-ordered-values@2.2.3
43 silly idealTree ├── postcss-reduce-idents@2.4.0
43 silly idealTree ├── postcss-reduce-initial@1.0.1
43 silly idealTree ├── postcss-reduce-transforms@1.0.4
43 silly idealTree ├── postcss-selector-parser@2.2.2
43 silly idealTree ├── postcss-svgo@2.1.6
43 silly idealTree ├── postcss-unique-selectors@2.0.2
43 silly idealTree ├── postcss-value-parser@3.3.0
43 silly idealTree ├── postcss-zindex@2.2.0
43 silly idealTree ├─┬ postcss@5.2.10
43 silly idealTree │ └── supports-color@3.2.3
43 silly idealTree ├── prelude-ls@1.1.2
43 silly idealTree ├── prepend-http@1.0.4
43 silly idealTree ├── preserve@0.2.0
43 silly idealTree ├── pretty-bytes@4.0.2
43 silly idealTree ├── pretty-hrtime@1.0.3
43 silly idealTree ├── private@0.1.6
43 silly idealTree ├── process-nextick-args@1.0.7
43 silly idealTree ├── progress@1.1.8
43 silly idealTree ├── promise.pipe@3.0.0
43 silly idealTree ├── propprop@0.3.1
43 silly idealTree ├── pseudomap@1.0.2
43 silly idealTree ├── punycode@1.4.1
43 silly idealTree ├── q@1.4.1
43 silly idealTree ├── qs@6.2.1
43 silly idealTree ├── query-string@4.3.1
43 silly idealTree ├── randomatic@1.1.6
43 silly idealTree ├── range-parser@1.2.0
43 silly idealTree ├─┬ rc@1.1.6
43 silly idealTree │ ├── minimist@1.2.0
43 silly idealTree │ └── strip-json-comments@1.0.4
43 silly idealTree ├── read-all-stream@3.1.0
43 silly idealTree ├── read-pkg-up@1.0.1
43 silly idealTree ├── read-pkg@1.1.0
43 silly idealTree ├── readable-stream@2.2.2
43 silly idealTree ├── readdirp@2.1.0
43 silly idealTree ├── readline2@1.0.1
43 silly idealTree ├── rechoir@0.6.2
43 silly idealTree ├── redent@1.0.0
43 silly idealTree ├── reduce-css-calc@1.3.0
43 silly idealTree ├── reduce-function-call@1.0.2
43 silly idealTree ├── regenerate@1.3.2
43 silly idealTree ├── regenerator-runtime@0.10.1
43 silly idealTree ├── regenerator-transform@0.9.8
43 silly idealTree ├── regex-cache@0.4.3
43 silly idealTree ├── regexpu-core@2.0.0
43 silly idealTree ├── regjsgen@0.2.0
43 silly idealTree ├─┬ regjsparser@0.1.5
43 silly idealTree │ └── jsesc@0.5.0
43 silly idealTree ├── relateurl@0.2.7
43 silly idealTree ├── remove-trailing-separator@1.0.1
43 silly idealTree ├── repeat-element@1.1.2
43 silly idealTree ├── repeat-string@1.6.1
43 silly idealTree ├── repeating@2.0.1
43 silly idealTree ├── replace-ext@0.0.1
43 silly idealTree ├─┬ request@2.78.0
43 silly idealTree │ └── qs@6.3.0
43 silly idealTree ├── require-directory@2.1.1
43 silly idealTree ├── require-main-filename@1.0.1
43 silly idealTree ├── require-uncached@1.0.3
43 silly idealTree ├── requires-port@1.0.0
43 silly idealTree ├── resolve-dir@0.1.1
43 silly idealTree ├── resolve-from@1.0.1
43 silly idealTree ├── resolve-url@0.2.1
43 silly idealTree ├── resolve@1.2.0
43 silly idealTree ├── resp-modifier@6.0.2
43 silly idealTree ├── restore-cursor@1.0.1
43 silly idealTree ├── right-align@0.1.3
43 silly idealTree ├── rimraf@2.5.4
43 silly idealTree ├── run-async@0.1.0
43 silly idealTree ├── run-sequence@1.2.2
43 silly idealTree ├── rx-lite@3.1.2
43 silly idealTree ├── rx@4.1.0
43 silly idealTree ├─┬ sass-graph@2.1.2
43 silly idealTree │ ├── camelcase@3.0.0
43 silly idealTree │ ├── window-size@0.2.0
43 silly idealTree │ ├── yargs-parser@2.4.1
43 silly idealTree │ └── yargs@4.8.1
43 silly idealTree ├── sax@1.2.1
43 silly idealTree ├─┬ seek-bzip@1.0.5
43 silly idealTree │ └── commander@2.8.1
43 silly idealTree ├── semver-regex@1.0.0
43 silly idealTree ├── semver-truncate@1.1.2
43 silly idealTree ├── semver@5.3.0
43 silly idealTree ├─┬ send@0.14.1
43 silly idealTree │ ├── debug@2.2.0
43 silly idealTree │ ├── mime@1.3.4
43 silly idealTree │ └── ms@0.7.1
43 silly idealTree ├── sequencify@0.0.7
43 silly idealTree ├─┬ serve-index@1.8.0
43 silly idealTree │ ├── debug@2.2.0
43 silly idealTree │ └── ms@0.7.1
43 silly idealTree ├── serve-static@1.11.1
43 silly idealTree ├── server-destroy@1.0.1
43 silly idealTree ├── set-blocking@2.0.0
43 silly idealTree ├── set-immediate-shim@1.0.1
43 silly idealTree ├── setprototypeof@1.0.2
43 silly idealTree ├── shelljs@0.7.6
43 silly idealTree ├── sigmund@1.0.1
43 silly idealTree ├── signal-exit@3.0.2
43 silly idealTree ├── slash@1.0.0
43 silly idealTree ├── slice-ansi@0.0.4
43 silly idealTree ├── sntp@1.0.9
43 silly idealTree ├─┬ socket.io-adapter@0.5.0
43 silly idealTree │ └── debug@2.3.3
43 silly idealTree ├─┬ socket.io-client@1.6.0
43 silly idealTree │ ├── component-emitter@1.2.1
43 silly idealTree │ └── debug@2.3.3
43 silly idealTree ├─┬ socket.io-parser@2.3.1
43 silly idealTree │ ├── debug@2.2.0
43 silly idealTree │ ├── isarray@0.0.1
43 silly idealTree │ └── ms@0.7.1
43 silly idealTree ├─┬ socket.io@1.6.0
43 silly idealTree │ ├── debug@2.3.3
43 silly idealTree │ └── object-assign@4.1.0
43 silly idealTree ├── sort-keys@1.1.2
43 silly idealTree ├── source-map-resolve@0.3.1
43 silly idealTree ├── source-map-support@0.4.10
43 silly idealTree ├── source-map-url@0.3.0
43 silly idealTree ├── source-map@0.5.6
43 silly idealTree ├── sparkles@1.0.0
43 silly idealTree ├── spdx-correct@1.0.2
43 silly idealTree ├── spdx-expression-parse@1.0.4
43 silly idealTree ├── spdx-license-ids@1.2.2
43 silly idealTree ├── split@0.3.3
43 silly idealTree ├── sprintf-js@1.0.3
43 silly idealTree ├── squeak@1.3.0
43 silly idealTree ├─┬ sshpk@1.10.2
43 silly idealTree │ └── assert-plus@1.0.0
43 silly idealTree ├── stat-mode@0.2.2
43 silly idealTree ├── statuses@1.3.1
43 silly idealTree ├── stream-combiner@0.0.4
43 silly idealTree ├─┬ stream-combiner2@1.1.1
43 silly idealTree │ └── duplexer2@0.1.4
43 silly idealTree ├── stream-consume@0.1.0
43 silly idealTree ├── stream-counter@1.0.0
43 silly idealTree ├── stream-shift@1.0.0
43 silly idealTree ├── stream-throttle@0.1.3
43 silly idealTree ├── streamfilter@1.0.5
43 silly idealTree ├── strict-uri-encode@1.1.0
43 silly idealTree ├── string_decoder@0.10.31
43 silly idealTree ├── string-width@1.0.2
43 silly idealTree ├── stringstream@0.0.5
43 silly idealTree ├── strip-ansi@3.0.1
43 silly idealTree ├── strip-bom-stream@1.0.0
43 silly idealTree ├── strip-bom@2.0.0
43 silly idealTree ├─┬ strip-dirs@1.1.1
43 silly idealTree │ ├── is-absolute@0.1.7
43 silly idealTree │ ├── is-relative@0.1.3
43 silly idealTree │ └── minimist@1.2.0
43 silly idealTree ├── strip-eof@1.0.0
43 silly idealTree ├── strip-indent@1.0.1
43 silly idealTree ├── strip-json-comments@2.0.1
43 silly idealTree ├── strip-outer@1.0.0
43 silly idealTree ├── sum-up@1.0.3
43 silly idealTree ├── supports-color@2.0.0
43 silly idealTree ├── svgo@0.7.1
43 silly idealTree ├─┬ table@3.8.3
43 silly idealTree │ ├── is-fullwidth-code-point@2.0.0
43 silly idealTree │ └── string-width@2.0.0
43 silly idealTree ├─┬ tar-stream@1.5.2
43 silly idealTree │ ├── end-of-stream@1.1.0
43 silly idealTree │ └── once@1.3.3
43 silly idealTree ├── tar@2.2.1
43 silly idealTree ├── tempfile@1.1.1
43 silly idealTree ├── ternary-stream@2.0.1
43 silly idealTree ├── text-table@0.2.0
43 silly idealTree ├── tfunk@3.1.0
43 silly idealTree ├── through@2.3.8
43 silly idealTree ├── through2-concurrent@1.1.1
43 silly idealTree ├── through2-filter@2.0.0
43 silly idealTree ├── through2@2.0.3
43 silly idealTree ├── tildify@1.2.0
43 silly idealTree ├── time-stamp@1.0.1
43 silly idealTree ├── timed-out@3.1.3
43 silly idealTree ├── to-absolute-glob@0.1.1
43 silly idealTree ├── to-array@0.1.4
43 silly idealTree ├── to-fast-properties@1.0.2
43 silly idealTree ├── tough-cookie@2.3.2
43 silly idealTree ├── trim-newlines@1.0.0
43 silly idealTree ├── trim-repeated@1.0.0
43 silly idealTree ├── try-json-parse@0.1.1
43 silly idealTree ├── tryit@1.0.3
43 silly idealTree ├── tunnel-agent@0.4.3
43 silly idealTree ├── tweetnacl@0.14.5
43 silly idealTree ├── type-check@0.3.2
43 silly idealTree ├── typedarray@0.0.6
43 silly idealTree ├── ua-parser-js@0.7.12
43 silly idealTree ├─┬ uglify-js@2.7.5
43 silly idealTree │ ├── async@0.2.10
43 silly idealTree │ ├── cliui@2.1.0
43 silly idealTree │ ├── window-size@0.1.0
43 silly idealTree │ ├── wordwrap@0.0.2
43 silly idealTree │ └── yargs@3.10.0
43 silly idealTree ├── uglify-save-license@0.4.1
43 silly idealTree ├── uglify-to-browserify@1.0.2
43 silly idealTree ├── ultron@1.0.2
43 silly idealTree ├── unc-path-regex@0.1.2
43 silly idealTree ├── underscore@1.7.0
43 silly idealTree ├── uniq@1.0.1
43 silly idealTree ├── uniqid@4.1.1
43 silly idealTree ├── uniqs@2.0.0
43 silly idealTree ├── unique-stream@1.0.0
43 silly idealTree ├── unpipe@1.0.0
43 silly idealTree ├── untildify@2.1.0
43 silly idealTree ├── unzip-response@1.0.2
43 silly idealTree ├── upper-case@1.1.3
43 silly idealTree ├── urix@0.1.0
43 silly idealTree ├── url-parse-lax@1.0.0
43 silly idealTree ├── url-regex@3.2.0
43 silly idealTree ├── user-home@1.1.1
43 silly idealTree ├── useref@1.2.0
43 silly idealTree ├── util-deprecate@1.0.2
43 silly idealTree ├── utils-merge@1.0.0
43 silly idealTree ├── uuid@2.0.3
43 silly idealTree ├── v8flags@2.0.11
43 silly idealTree ├── vali-date@1.0.0
43 silly idealTree ├── validate-npm-package-license@3.0.1
43 silly idealTree ├── vendors@1.0.1
43 silly idealTree ├── verror@1.3.6
43 silly idealTree ├── vinyl-assign@1.2.1
43 silly idealTree ├─┬ vinyl-fs@0.3.14
43 silly idealTree │ ├── clone@0.2.0
43 silly idealTree │ ├── graceful-fs@3.0.11
43 silly idealTree │ ├── isarray@0.0.1
43 silly idealTree │ ├── readable-stream@1.0.34
43 silly idealTree │ ├── strip-bom@1.0.0
43 silly idealTree │ ├── through2@0.6.5
43 silly idealTree │ └── vinyl@0.4.6
43 silly idealTree ├── vinyl-sourcemaps-apply@0.2.1
43 silly idealTree ├── vinyl@0.5.3
43 silly idealTree ├── vlq@0.2.1
43 silly idealTree ├── ware@1.3.0
43 silly idealTree ├── weinre@2.0.0-pre-I0Z7U9OV
43 silly idealTree ├── whet.extend@0.9.9
43 silly idealTree ├── which-module@1.0.0
43 silly idealTree ├── which@1.2.12
43 silly idealTree ├── wide-align@1.1.0
43 silly idealTree ├── window-size@0.1.4
43 silly idealTree ├─┬ wiredep-cli@0.1.0
43 silly idealTree │ └── minimist@1.2.0
43 silly idealTree ├── wiredep@4.0.0
43 silly idealTree ├── wordwrap@1.0.0
43 silly idealTree ├── wrap-ansi@2.1.0
43 silly idealTree ├─┬ wrap-fn@0.1.5
43 silly idealTree │ └── co@3.1.0
43 silly idealTree ├── wrappy@1.0.2
43 silly idealTree ├── write@0.2.1
43 silly idealTree ├── ws@1.1.1
43 silly idealTree ├── wtf-8@1.0.0
43 silly idealTree ├── xml-char-classes@1.0.0
43 silly idealTree ├── xmlhttprequest-ssl@1.5.3
43 silly idealTree ├── xtend@4.0.1
43 silly idealTree ├── y18n@3.2.1
43 silly idealTree ├── yallist@2.0.0
43 silly idealTree ├─┬ yargs-parser@4.2.1
43 silly idealTree │ └── camelcase@3.0.0
43 silly idealTree ├─┬ yargs@6.4.0
43 silly idealTree │ ├── camelcase@3.0.0
43 silly idealTree │ └── window-size@0.2.0
43 silly idealTree ├── yauzl@2.7.0
43 silly idealTree └── yeast@0.1.2
44 silly generateActionsToTake Starting
45 silly install generateActionsToTake
46 silly generateActionsToTake Finishing
47 silly diffTrees action count 0
48 silly decomposeActions action count 0
49 silly runTopLevelLifecycles Starting
50 silly install runPreinstallTopLevelLifecycles
51 silly preinstall Busulla
52 info lifecycle undefined~preinstall: undefined
53 silly lifecycle undefined~preinstall: no script for preinstall, continuing
54 silly executeActions Starting
55 silly install executeActions
56 silly doSerial global-install 0
57 silly doParallel fetch 0
58 verbose correctMkdir /home/qendrim/.npm/_locks correctMkdir not in flight; initializing
59 verbose lock using /home/qendrim/.npm/_locks/staging-a1eec52e1e6c7eed.lock for /home/qendrim/Desktop/Busulla/node_modules/.staging
60 verbose unlock done using /home/qendrim/.npm/_locks/staging-a1eec52e1e6c7eed.lock for /home/qendrim/Desktop/Busulla/node_modules/.staging
61 silly rollbackFailedOptional Starting
62 silly rollbackFailedOptional Finishing
63 silly runTopLevelLifecycles Finishing
64 silly install printInstalled
65 warn optional SKIPPING OPTIONAL DEPENDENCY: fsevents@^1.0.0 (node_modules/chokidar/node_modules/fsevents):
66 warn notsup SKIPPING OPTIONAL DEPENDENCY: Unsupported platform for fsevents@1.0.17: wanted {"os":"darwin","arch":"any"} (current: {"os":"linux","arch":"x64"})
67 verbose notsup SKIPPING OPTIONAL DEPENDENCY: Valid OS:    darwin
67 verbose notsup SKIPPING OPTIONAL DEPENDENCY: Valid Arch:  any
67 verbose notsup SKIPPING OPTIONAL DEPENDENCY: Actual OS:   linux
67 verbose notsup SKIPPING OPTIONAL DEPENDENCY: Actual Arch: x64
68 verbose stack Error: EACCES: permission denied, mkdir '/home/qendrim/Desktop/Busulla/node_modules/.staging'
68 verbose stack     at Error (native)
69 verbose cwd /home/qendrim/Desktop/Busulla
70 error Linux 4.4.0-59-generic
71 error argv "/usr/bin/nodejs" "/usr/bin/npm" "install"
72 error node v6.9.3
73 error npm  v4.1.2
74 error path /home/qendrim/Desktop/Busulla/node_modules/.staging
75 error code EACCES
76 error errno -13
77 error syscall mkdir
78 error Error: EACCES: permission denied, mkdir '/home/qendrim/Desktop/Busulla/node_modules/.staging'
78 error     at Error (native)
78 error  { Error: EACCES: permission denied, mkdir '/home/qendrim/Desktop/Busulla/node_modules/.staging'
78 error     at Error (native)
78 error   errno: -13,
78 error   code: 'EACCES',
78 error   syscall: 'mkdir',
78 error   path: '/home/qendrim/Desktop/Busulla/node_modules/.staging' }
79 error Please try running this command again as root/Administrator.
80 verbose exit [ -13, true ]
